        -:    0:Source:C:/Users/aleks/CLionProjects/PlanetariumProjectCopy/Inventory/AudioDevice.cpp
        -:    0:Graph:C:\Users\aleks\CLionProjects\PlanetariumProjectCopy\cmake-build-debug\Inventory\CMakeFiles\Inventory.dir\AudioDevice.cpp.gcno
        -:    0:Data:C:\Users\aleks\CLionProjects\PlanetariumProjectCopy\cmake-build-debug\Inventory\CMakeFiles\Inventory.dir\AudioDevice.cpp.gcda
        -:    0:Runs:1
        -:    1:#include "AudioDevice.h"
        -:    2:
function _ZN11AudioDeviceC2ERKNSt7__cxx1112basic_stringIcSt11char_traitsIcESaIcEEE called 20 returned 100% blocks executed 75%
       20:    3:AudioDevice::AudioDevice(const std::string& name_) :
       20:    4:        Device(name_), effect(Enums::AudioEffectType::NONE) {}
       20:    4-block  0
call    0 returned 20
branch  1 taken 20 (fallthrough)
branch  2 taken 0 (throw)
       20:    4-block  1
call    3 returned 20
branch  4 taken 20 (fallthrough)
branch  5 taken 0 (throw)
       20:    4-block  2
call    6 returned 20
call    7 returned 20
    $$$$$:    4-block  3
call    8 never executed
        -:    5:
function _ZN11AudioDevice9setEffectEN5Enums15AudioEffectTypeE called 1 returned 100% blocks executed 100%
        1:    6:void AudioDevice::setEffect(Enums::AudioEffectType effect_) {
        1:    7:    effect = effect_;
        1:    8:}
        -:    9:
function _ZNK11AudioDevice14getConnectionsEv called 1 returned 100% blocks executed 100%
        1:   10:std::vector<Enums::ConnectionType> AudioDevice::getConnections() const {
        1:   11:    return connections;
        1:   11-block  0
call    0 returned 1
        -:   12:}
        -:   13:
function _ZN11AudioDevice18supportsConnectionEN5Enums14ConnectionTypeE called 1 returned 100% blocks executed 55%
        1:   14:bool AudioDevice::supportsConnection(Enums::ConnectionType connection_) {
       1*:   15:    for (const auto& connection: connections) {
        1:   15-block  0
call    0 returned 1
call    1 returned 1
    %%%%%:   15-block  1
call    2 never executed
    %%%%%:   15-block  2
call    3 never executed
        1:   15-block  3
call    4 returned 1
branch  5 taken 0
branch  6 taken 1 (fallthrough)
    #####:   16:        if (connection == connection_) return true;
branch  0 never executed (fallthrough)
branch  1 never executed
    %%%%%:   16-block  0
    %%%%%:   16-block  1
        -:   17:    }
        1:   18:    return false;
        1:   18-block  0
        -:   19:}
