        -:    0:Source:C:/Users/aleks/CLionProjects/PlanetariumProjectCopy/Exceptions/BadWeather.cpp
        -:    0:Graph:C:\Users\aleks\CLionProjects\PlanetariumProjectCopy\cmake-build-debug\Exceptions\CMakeFiles\Exceptions.dir\BadWeather.cpp.gcno
        -:    0:Data:C:\Users\aleks\CLionProjects\PlanetariumProjectCopy\cmake-build-debug\Exceptions\CMakeFiles\Exceptions.dir\BadWeather.cpp.gcda
        -:    0:Runs:1
        -:    1:#include "BadWeather.h"
        -:    2:
function _ZN10BadWeatherC2ENSt7__cxx1112basic_stringIcSt11char_traitsIcESaIcEEE called 1 returned 100% blocks executed 100%
        1:    3:BadWeather::BadWeather(std::string message_) : message(std::move(message_)) {}
        1:    3-block  0
call    0 returned 1
call    1 returned 1
call    2 returned 1
        -:    4:
function _ZNK10BadWeather4whatEv called 0 returned 0% blocks executed 0%
    #####:    5:const char* BadWeather::what() const noexcept {
    #####:    6:    return message.c_str();
    %%%%%:    6-block  0
call    0 never executed
        -:    7:}
