        -:    0:Source:C:/Users/aleks/CLionProjects/PlanetariumProjectCopy/Inventory/Device.cpp
        -:    0:Graph:C:\Users\aleks\CLionProjects\PlanetariumProjectCopy\cmake-build-debug\Inventory\CMakeFiles\Inventory.dir\Device.cpp.gcno
        -:    0:Data:C:\Users\aleks\CLionProjects\PlanetariumProjectCopy\cmake-build-debug\Inventory\CMakeFiles\Inventory.dir\Device.cpp.gcda
        -:    0:Runs:1
        -:    1:#include <iostream>
        -:    2:#include "Device.h"
        -:    3:
function _ZN6DeviceC2ENSt7__cxx1112basic_stringIcSt11char_traitsIcESaIcEEE called 133 returned 100% blocks executed 78%
      133:    4:Device::Device(std::string name_) :
      133:    5:        name(std::move(name_)), isActive(false),
      133:    5-block  0
call    0 returned 133
call    1 returned 133
      133:    6:        warrantyExpiryDate(Date::currentDate()+3),
call    0 returned 133
branch  1 taken 133 (fallthrough)
branch  2 taken 0 (throw)
      133:    6-block  0
call    3 returned 133
branch  4 taken 133 (fallthrough)
branch  5 taken 0 (throw)
    $$$$$:    6-block  1
      133:    7:        lastMaintenance(Date::currentDate()),
      133:    7-block  0
call    0 returned 133
branch  1 taken 133 (fallthrough)
branch  2 taken 0 (throw)
      133:    8:        maintenanceInterval(1) {}
      133:    8-block  0
    $$$$$:    8-block  1
call    0 never executed
        -:    9:
function _ZN6Device6turnOnEv called 27 returned 100% blocks executed 100%
       27:   10:void Device::turnOn() {
       27:   11:    isActive = true;
       27:   12:}
        -:   13:
function _ZN6Device7turnOffEv called 2 returned 100% blocks executed 100%
        2:   14:void Device::turnOff() {
        2:   15:    isActive = false;
        2:   16:}
        -:   17:
function _ZN6Device22setMaintenanceIntervalEi called 2 returned 100% blocks executed 100%
        2:   18:void Device::setMaintenanceInterval(int interval) {
        2:   19:    maintenanceInterval = interval;
        2:   20:}
        -:   21:
function _ZN6Device18setlastMaintenanceEiii called 4 returned 100% blocks executed 100%
        4:   22:void Device::setlastMaintenance(int year_, int month_, int day_) {
        4:   23:    lastMaintenance.setYear(year_);
        4:   23-block  0
call    0 returned 4
        4:   24:    lastMaintenance.setMonth(month_);
call    0 returned 4
        4:   25:    lastMaintenance.setDay(day_);
call    0 returned 4
        4:   26:}
        -:   27:
function _ZNK6Device6activeEv called 44 returned 100% blocks executed 100%
       44:   28:bool Device::active() const {
       44:   29:    return isActive;
       44:   29-block  0
        -:   30:}
        -:   31:
function _ZNK6Device15isUnderWarrantyERK4Date called 23 returned 100% blocks executed 100%
       23:   32:bool Device::isUnderWarranty(const Date& currentDate) const {
       23:   33:    return currentDate < warrantyExpiryDate;
       23:   33-block  0
call    0 returned 23
        -:   34:}
        -:   35:
function _ZN6Device16needsMaintenanceERK4Date called 24 returned 100% blocks executed 100%
       24:   36:bool Device::needsMaintenance(const Date& currentDate) {
       24:   37:    Date nextMaintenance = lastMaintenance + maintenanceInterval;
       24:   37-block  0
call    0 returned 24
branch  1 taken 24 (fallthrough)
branch  2 taken 0 (throw)
       48:   38:    return currentDate > nextMaintenance;
       24:   38-block  0
call    0 returned 24
branch  1 taken 24 (fallthrough)
branch  2 taken 0 (throw)
       24:   38-block  1
       24:   38-block  2
        -:   39:}
        -:   40:
function _ZN6Device9canBeUsedERK4Date called 23 returned 100% blocks executed 100%
       23:   41:bool Device::canBeUsed(const Date& currentDate) {
       23:   42:    return isUnderWarranty(currentDate) && !needsMaintenance(currentDate);
       23:   42-block  0
call    0 returned 23
branch  1 taken 23 (fallthrough)
branch  2 taken 0
       23:   42-block  1
call    3 returned 23
branch  4 taken 21 (fallthrough)
branch  5 taken 2
       21:   42-block  2
        2:   42-block  3
       23:   42-block  4
        -:   43:}
        -:   44:
function _ZNK6Device7getNameB5cxx11Ev called 6 returned 100% blocks executed 100%
        6:   45:std::string Device::getName() const {
        6:   46:    return name;
        6:   46-block  0
call    0 returned 6
        -:   47:}
        -:   48:
function _ZNK6Device21getWarrantyExpiryDateEv called 0 returned 0% blocks executed 0%
    #####:   49:Date Device::getWarrantyExpiryDate() const {
    #####:   50:    return warrantyExpiryDate;
    %%%%%:   50-block  0
        -:   51:}
        -:   52:
function _ZNK6Device18getLastMaintenanceEv called 0 returned 0% blocks executed 0%
    #####:   53:Date Device::getLastMaintenance() const {
    #####:   54:    return lastMaintenance;
    %%%%%:   54-block  0
        -:   55:}
        -:   56:
function _ZNK6Device22getMaintenanceIntervalEv called 0 returned 0% blocks executed 0%
    #####:   57:int Device::getMaintenanceInterval() const {
    #####:   58:    return maintenanceInterval;
    %%%%%:   58-block  0
        -:   59:}
