        -:    0:Source:C:/Users/aleks/CLionProjects/PlanetariumProjectCopy/Exceptions/DeviceCapabilityException.cpp
        -:    0:Graph:C:\Users\aleks\CLionProjects\PlanetariumProjectCopy\cmake-build-debug\Exceptions\CMakeFiles\Exceptions.dir\DeviceCapabilityException.cpp.gcno
        -:    0:Data:C:\Users\aleks\CLionProjects\PlanetariumProjectCopy\cmake-build-debug\Exceptions\CMakeFiles\Exceptions.dir\DeviceCapabilityException.cpp.gcda
        -:    0:Runs:1
        -:    1:#include "DeviceCapabilityException.h"
        -:    2:
function _ZN25DeviceCapabilityExceptionC2ENSt7__cxx1112basic_stringIcSt11char_traitsIcESaIcEEE called 2 returned 100% blocks executed 100%
        2:    3:DeviceCapabilityException::DeviceCapabilityException(std::string message_) : message(std::move(message_)) {}
        2:    3-block  0
call    0 returned 2
call    1 returned 2
call    2 returned 2
        -:    4:
function _ZNK25DeviceCapabilityException4whatEv called 1 returned 100% blocks executed 100%
        1:    5:const char* DeviceCapabilityException::what() const noexcept {
        1:    6:    return message.c_str();
        1:    6-block  0
call    0 returned 1
        -:    7:}
