        -:    0:Source:C:/Users/aleks/CLionProjects/PlanetariumProjectCopy/Tests/FacadeTest.cpp
        -:    0:Graph:C:\Users\aleks\CLionProjects\PlanetariumProjectCopy\cmake-build-debug\Tests\CMakeFiles\Tests.dir\FacadeTest.cpp.gcno
        -:    0:Data:C:\Users\aleks\CLionProjects\PlanetariumProjectCopy\cmake-build-debug\Tests\CMakeFiles\Tests.dir\FacadeTest.cpp.gcda
        -:    0:Runs:1
        -:    1:#include <gtest/gtest.h>
        -:    2:#include "StarHall.h"
        -:    3:#include "Observatory.h"
        -:    4:#include "Museum.h"
        -:    5:#include "Auditorium.h"
        -:    6:#include "PlanetariumFacade.h"
        -:    7:#include "PlanetariumProjector.h"
        -:    8:#include "AudioSystem.h"
        -:    9:#include "Seating.h"
        -:   10:#include "DomeShapedScreen.h"
        -:   11:#include "Telescope.h"
        -:   12:#include "Projector.h"
        -:   13:#include "InteractiveWhiteboard.h"
        -:   14:#include "AstronomicalObject.h"
        -:   15:#include "Lecture.h"
        -:   16:#include "Exhibit.h"
        -:   17:#include "TicketOffice.h"
        -:   18:#include "Visitor.h"
        -:   19:#include "CantUseDevice.h"
        -:   20:#include "VenueClosedException.h"
        -:   21:#include "CapacityExceededException.h"
        -:   22:#include "VenueIsEmpty.h"
        -:   23:#include "BadWeather.h"
        -:   24:#include "DeviceCapabilityException.h"
        -:   25:#include "ObjectIsNotVisible.h"
        -:   26:#include "Event.h"
        -:   27:#include "BreakingRules.h"
        -:   28:
        -:   29:class FacadeTest : public ::testing::Test {
        -:   30:protected:
function _ZN10FacadeTest5SetUpEv called 40 returned 100% blocks executed 100%
       40:   31:    void SetUp() override {}
function _ZN10FacadeTest8TearDownEv called 40 returned 100% blocks executed 100%
       40:   32:    void TearDown() override {}
        -:   33:};
        -:   34:
        4:   35:TEST_F(FacadeTest, ConstructorAndBasicGetters) {
        1:   36:    PlanetariumVenue venue("TestVenue", 100);
       1*:   37:    EXPECT_EQ(venue.getName(), "TestVenue");
       1*:   38:    EXPECT_EQ(venue.getCapacity(), 100);
       1*:   39:    EXPECT_FALSE(venue.IsOpen());
       1*:   40:    EXPECT_EQ(venue.getCurrentVisitors(), 0);
       1*:   41:    EXPECT_EQ(venue.getTicketPrice(), 30);
        1:   42:}
------------------
_ZN42FacadeTest_ConstructorAndBasicGetters_TestC1Ev:
function _ZN42FacadeTest_ConstructorAndBasicGetters_TestC1Ev called 1 returned 100% blocks executed 100%
        1:   35:TEST_F(FacadeTest, ConstructorAndBasicGetters) {
        1:   35-block  0
call    0 returned 1
------------------
_ZN42FacadeTest_ConstructorAndBasicGetters_TestD0Ev:
function _ZN42FacadeTest_ConstructorAndBasicGetters_TestD0Ev called 1 returned 100% blocks executed 100%
        1:   35:TEST_F(FacadeTest, ConstructorAndBasicGetters) {
        1:   35-block  0
call    0 returned 1
call    1 returned 1
------------------
_ZN42FacadeTest_ConstructorAndBasicGetters_TestD1Ev:
function _ZN42FacadeTest_ConstructorAndBasicGetters_TestD1Ev called 1 returned 100% blocks executed 100%
        1:   35:TEST_F(FacadeTest, ConstructorAndBasicGetters) {
        1:   35-block  0
call    0 returned 1
------------------
_ZN42FacadeTest_ConstructorAndBasicGetters_Test8TestBodyEv:
function _ZN42FacadeTest_ConstructorAndBasicGetters_Test8TestBodyEv called 1 returned 100% blocks executed 25%
        1:   35:TEST_F(FacadeTest, ConstructorAndBasicGetters) {
        1:   35-block  0
        1:   36:    PlanetariumVenue venue("TestVenue", 100);
        1:   36-block  0
call    0 returned 1
branch  1 taken 1 (fallthrough)
branch  2 taken 0 (throw)
        1:   36-block  1
call    3 returned 1
branch  4 taken 1 (fallthrough)
branch  5 taken 0 (throw)
        1:   36-block  2
call    6 returned 1
    $$$$$:   36-block  3
call    7 never executed
    $$$$$:   36-block  4
    $$$$$:   36-block  5
       1*:   37:    EXPECT_EQ(venue.getName(), "TestVenue");
call    0 returned 1
branch  1 taken 1 (fallthrough)
branch  2 taken 0 (throw)
        1:   37-block  0
call    3 returned 1
branch  4 taken 1 (fallthrough)
branch  5 taken 0 (throw)
        1:   37-block  1
call    6 returned 1
call    7 returned 1
branch  8 taken 0 (fallthrough)
branch  9 taken 1
    %%%%%:   37-block  2
call   10 never executed
branch 11 never executed (fallthrough)
branch 12 never executed (throw)
    %%%%%:   37-block  3
call   13 never executed
call   14 never executed
branch 15 never executed (fallthrough)
branch 16 never executed (throw)
    %%%%%:   37-block  4
call   17 never executed
branch 18 never executed (fallthrough)
branch 19 never executed (throw)
    %%%%%:   37-block  5
call   20 never executed
call   21 never executed
        1:   37-block  6
call   22 returned 1
    $$$$$:   37-block  7
call   23 never executed
    $$$$$:   37-block  8
    $$$$$:   37-block  9
call   24 never executed
    $$$$$:   37-block 10
    $$$$$:   37-block 11
call   25 never executed
    $$$$$:   37-block 12
    $$$$$:   37-block 13
call   26 never executed
       1*:   38:    EXPECT_EQ(venue.getCapacity(), 100);
call    0 returned 1
branch  1 taken 1 (fallthrough)
branch  2 taken 0 (throw)
        1:   38-block  0
call    3 returned 1
branch  4 taken 1 (fallthrough)
branch  5 taken 0 (throw)
        1:   38-block  1
call    6 returned 1
branch  7 taken 0 (fallthrough)
branch  8 taken 1
    %%%%%:   38-block  2
call    9 never executed
branch 10 never executed (fallthrough)
branch 11 never executed (throw)
    %%%%%:   38-block  3
call   12 never executed
call   13 never executed
branch 14 never executed (fallthrough)
branch 15 never executed (throw)
    %%%%%:   38-block  4
call   16 never executed
branch 17 never executed (fallthrough)
branch 18 never executed (throw)
    %%%%%:   38-block  5
call   19 never executed
call   20 never executed
        1:   38-block  6
call   21 returned 1
    $$$$$:   38-block  7
    $$$$$:   38-block  8
    $$$$$:   38-block  9
call   22 never executed
    $$$$$:   38-block 10
    $$$$$:   38-block 11
call   23 never executed
    $$$$$:   38-block 12
    $$$$$:   38-block 13
call   24 never executed
       1*:   39:    EXPECT_FALSE(venue.IsOpen());
call    0 returned 1
branch  1 taken 1 (fallthrough)
branch  2 taken 0 (throw)
        1:   39-block  0
call    3 returned 1
call    4 returned 1
branch  5 taken 0 (fallthrough)
branch  6 taken 1
    %%%%%:   39-block  1
call    7 never executed
branch  8 never executed (fallthrough)
branch  9 never executed (throw)
    %%%%%:   39-block  2
call   10 never executed
branch 11 never executed (fallthrough)
branch 12 never executed (throw)
    %%%%%:   39-block  3
call   13 never executed
call   14 never executed
branch 15 never executed (fallthrough)
branch 16 never executed (throw)
    %%%%%:   39-block  4
call   17 never executed
branch 18 never executed (fallthrough)
branch 19 never executed (throw)
    %%%%%:   39-block  5
call   20 never executed
call   21 never executed
call   22 never executed
        1:   39-block  6
call   23 returned 1
    $$$$$:   39-block  7
    $$$$$:   39-block  8
call   24 never executed
    $$$$$:   39-block  9
call   25 never executed
    $$$$$:   39-block 10
    $$$$$:   39-block 11
    $$$$$:   39-block 12
call   26 never executed
    $$$$$:   39-block 13
    $$$$$:   39-block 14
call   27 never executed
       1*:   40:    EXPECT_EQ(venue.getCurrentVisitors(), 0);
call    0 returned 1
branch  1 taken 1 (fallthrough)
branch  2 taken 0 (throw)
        1:   40-block  0
call    3 returned 1
branch  4 taken 1 (fallthrough)
branch  5 taken 0 (throw)
        1:   40-block  1
call    6 returned 1
branch  7 taken 0 (fallthrough)
branch  8 taken 1
    %%%%%:   40-block  2
call    9 never executed
branch 10 never executed (fallthrough)
branch 11 never executed (throw)
    %%%%%:   40-block  3
call   12 never executed
call   13 never executed
branch 14 never executed (fallthrough)
branch 15 never executed (throw)
    %%%%%:   40-block  4
call   16 never executed
branch 17 never executed (fallthrough)
branch 18 never executed (throw)
    %%%%%:   40-block  5
call   19 never executed
call   20 never executed
        1:   40-block  6
call   21 returned 1
    $$$$$:   40-block  7
    $$$$$:   40-block  8
    $$$$$:   40-block  9
call   22 never executed
    $$$$$:   40-block 10
    $$$$$:   40-block 11
call   23 never executed
    $$$$$:   40-block 12
    $$$$$:   40-block 13
call   24 never executed
       1*:   41:    EXPECT_EQ(venue.getTicketPrice(), 30);
call    0 returned 1
branch  1 taken 1 (fallthrough)
branch  2 taken 0 (throw)
        1:   41-block  0
call    3 returned 1
branch  4 taken 1 (fallthrough)
branch  5 taken 0 (throw)
        1:   41-block  1
call    6 returned 1
branch  7 taken 0 (fallthrough)
branch  8 taken 1
    %%%%%:   41-block  2
call    9 never executed
branch 10 never executed (fallthrough)
branch 11 never executed (throw)
    %%%%%:   41-block  3
call   12 never executed
call   13 never executed
branch 14 never executed (fallthrough)
branch 15 never executed (throw)
    %%%%%:   41-block  4
call   16 never executed
branch 17 never executed (fallthrough)
branch 18 never executed (throw)
    %%%%%:   41-block  5
call   19 never executed
call   20 never executed
        1:   41-block  6
call   21 returned 1
    $$$$$:   41-block  7
    $$$$$:   41-block  8
    $$$$$:   41-block  9
call   22 never executed
    $$$$$:   41-block 10
    $$$$$:   41-block 11
call   23 never executed
    $$$$$:   41-block 12
    $$$$$:   41-block 13
call   24 never executed
        1:   42:}
call    0 returned 1
    $$$$$:   42-block  0
call    1 never executed
------------------
        -:   43:
        4:   44:TEST_F(FacadeTest, OpenCloseVenue) {
        1:   45:    PlanetariumVenue venue("TestVenue", 100);
        1:   46:    venue.openVenue();
       1*:   47:    EXPECT_TRUE(venue.IsOpen());
        1:   48:    venue.closeVenue();
       1*:   49:    EXPECT_FALSE(venue.IsOpen());
       1*:   50:    EXPECT_EQ(venue.getCurrentVisitors(), 0);
        1:   51:}
------------------
_ZN30FacadeTest_OpenCloseVenue_TestC1Ev:
function _ZN30FacadeTest_OpenCloseVenue_TestC1Ev called 1 returned 100% blocks executed 100%
        1:   44:TEST_F(FacadeTest, OpenCloseVenue) {
        1:   44-block  0
call    0 returned 1
------------------
_ZN30FacadeTest_OpenCloseVenue_TestD0Ev:
function _ZN30FacadeTest_OpenCloseVenue_TestD0Ev called 1 returned 100% blocks executed 100%
        1:   44:TEST_F(FacadeTest, OpenCloseVenue) {
        1:   44-block  0
call    0 returned 1
call    1 returned 1
------------------
_ZN30FacadeTest_OpenCloseVenue_TestD1Ev:
function _ZN30FacadeTest_OpenCloseVenue_TestD1Ev called 1 returned 100% blocks executed 100%
        1:   44:TEST_F(FacadeTest, OpenCloseVenue) {
        1:   44-block  0
call    0 returned 1
------------------
_ZN30FacadeTest_OpenCloseVenue_Test8TestBodyEv:
function _ZN30FacadeTest_OpenCloseVenue_Test8TestBodyEv called 1 returned 100% blocks executed 27%
        1:   44:TEST_F(FacadeTest, OpenCloseVenue) {
        1:   44-block  0
        1:   45:    PlanetariumVenue venue("TestVenue", 100);
        1:   45-block  0
call    0 returned 1
branch  1 taken 1 (fallthrough)
branch  2 taken 0 (throw)
        1:   45-block  1
call    3 returned 1
branch  4 taken 1 (fallthrough)
branch  5 taken 0 (throw)
        1:   45-block  2
call    6 returned 1
    $$$$$:   45-block  3
call    7 never executed
    $$$$$:   45-block  4
    $$$$$:   45-block  5
        1:   46:    venue.openVenue();
call    0 returned 1
branch  1 taken 1 (fallthrough)
branch  2 taken 0 (throw)
       1*:   47:    EXPECT_TRUE(venue.IsOpen());
        1:   47-block  0
call    0 returned 1
branch  1 taken 1 (fallthrough)
branch  2 taken 0 (throw)
        1:   47-block  1
call    3 returned 1
call    4 returned 1
branch  5 taken 0 (fallthrough)
branch  6 taken 1
    %%%%%:   47-block  2
call    7 never executed
branch  8 never executed (fallthrough)
branch  9 never executed (throw)
    %%%%%:   47-block  3
call   10 never executed
branch 11 never executed (fallthrough)
branch 12 never executed (throw)
    %%%%%:   47-block  4
call   13 never executed
call   14 never executed
branch 15 never executed (fallthrough)
branch 16 never executed (throw)
    %%%%%:   47-block  5
call   17 never executed
branch 18 never executed (fallthrough)
branch 19 never executed (throw)
    %%%%%:   47-block  6
call   20 never executed
call   21 never executed
call   22 never executed
        1:   47-block  7
call   23 returned 1
    $$$$$:   47-block  8
    $$$$$:   47-block  9
call   24 never executed
    $$$$$:   47-block 10
call   25 never executed
    $$$$$:   47-block 11
    $$$$$:   47-block 12
    $$$$$:   47-block 13
call   26 never executed
    $$$$$:   47-block 14
    $$$$$:   47-block 15
call   27 never executed
        1:   48:    venue.closeVenue();
call    0 returned 1
branch  1 taken 1 (fallthrough)
branch  2 taken 0 (throw)
       1*:   49:    EXPECT_FALSE(venue.IsOpen());
        1:   49-block  0
call    0 returned 1
branch  1 taken 1 (fallthrough)
branch  2 taken 0 (throw)
        1:   49-block  1
call    3 returned 1
call    4 returned 1
branch  5 taken 0 (fallthrough)
branch  6 taken 1
    %%%%%:   49-block  2
call    7 never executed
branch  8 never executed (fallthrough)
branch  9 never executed (throw)
    %%%%%:   49-block  3
call   10 never executed
branch 11 never executed (fallthrough)
branch 12 never executed (throw)
    %%%%%:   49-block  4
call   13 never executed
call   14 never executed
branch 15 never executed (fallthrough)
branch 16 never executed (throw)
    %%%%%:   49-block  5
call   17 never executed
branch 18 never executed (fallthrough)
branch 19 never executed (throw)
    %%%%%:   49-block  6
call   20 never executed
call   21 never executed
call   22 never executed
        1:   49-block  7
call   23 returned 1
    $$$$$:   49-block  8
    $$$$$:   49-block  9
call   24 never executed
    $$$$$:   49-block 10
call   25 never executed
    $$$$$:   49-block 11
    $$$$$:   49-block 12
    $$$$$:   49-block 13
call   26 never executed
    $$$$$:   49-block 14
    $$$$$:   49-block 15
call   27 never executed
       1*:   50:    EXPECT_EQ(venue.getCurrentVisitors(), 0);
call    0 returned 1
branch  1 taken 1 (fallthrough)
branch  2 taken 0 (throw)
        1:   50-block  0
call    3 returned 1
branch  4 taken 1 (fallthrough)
branch  5 taken 0 (throw)
        1:   50-block  1
call    6 returned 1
branch  7 taken 0 (fallthrough)
branch  8 taken 1
    %%%%%:   50-block  2
call    9 never executed
branch 10 never executed (fallthrough)
branch 11 never executed (throw)
    %%%%%:   50-block  3
call   12 never executed
call   13 never executed
branch 14 never executed (fallthrough)
branch 15 never executed (throw)
    %%%%%:   50-block  4
call   16 never executed
branch 17 never executed (fallthrough)
branch 18 never executed (throw)
    %%%%%:   50-block  5
call   19 never executed
call   20 never executed
        1:   50-block  6
call   21 returned 1
    $$$$$:   50-block  7
    $$$$$:   50-block  8
    $$$$$:   50-block  9
call   22 never executed
    $$$$$:   50-block 10
    $$$$$:   50-block 11
call   23 never executed
    $$$$$:   50-block 12
    $$$$$:   50-block 13
call   24 never executed
        1:   51:}
call    0 returned 1
    $$$$$:   51-block  0
call    1 never executed
------------------
        -:   52:
        4:   53:TEST_F(FacadeTest, AddVisitorsSuccess) {
        1:   54:    PlanetariumVenue venue("TestVenue", 100);
        1:   55:    venue.openVenue();
       1*:   56:    EXPECT_NO_THROW(venue.addVisitors(50));
       1*:   57:    EXPECT_EQ(venue.getCurrentVisitors(), 50);
        1:   58:}
------------------
_ZN34FacadeTest_AddVisitorsSuccess_TestC1Ev:
function _ZN34FacadeTest_AddVisitorsSuccess_TestC1Ev called 1 returned 100% blocks executed 100%
        1:   53:TEST_F(FacadeTest, AddVisitorsSuccess) {
        1:   53-block  0
call    0 returned 1
------------------
_ZN34FacadeTest_AddVisitorsSuccess_TestD0Ev:
function _ZN34FacadeTest_AddVisitorsSuccess_TestD0Ev called 1 returned 100% blocks executed 100%
        1:   53:TEST_F(FacadeTest, AddVisitorsSuccess) {
        1:   53-block  0
call    0 returned 1
call    1 returned 1
------------------
_ZN34FacadeTest_AddVisitorsSuccess_TestD1Ev:
function _ZN34FacadeTest_AddVisitorsSuccess_TestD1Ev called 1 returned 100% blocks executed 100%
        1:   53:TEST_F(FacadeTest, AddVisitorsSuccess) {
        1:   53-block  0
call    0 returned 1
------------------
_ZN34FacadeTest_AddVisitorsSuccess_Test8TestBodyEv:
function _ZN34FacadeTest_AddVisitorsSuccess_Test8TestBodyEv called 1 returned 100% blocks executed 24%
        1:   53:TEST_F(FacadeTest, AddVisitorsSuccess) {
        1:   53-block  0
        1:   54:    PlanetariumVenue venue("TestVenue", 100);
        1:   54-block  0
call    0 returned 1
branch  1 taken 1 (fallthrough)
branch  2 taken 0 (throw)
        1:   54-block  1
call    3 returned 1
branch  4 taken 1 (fallthrough)
branch  5 taken 0 (throw)
        1:   54-block  2
call    6 returned 1
    $$$$$:   54-block  3
call    7 never executed
    $$$$$:   54-block  4
    $$$$$:   54-block  5
        1:   55:    venue.openVenue();
call    0 returned 1
branch  1 taken 1 (fallthrough)
branch  2 taken 0 (throw)
       1*:   56:    EXPECT_NO_THROW(venue.addVisitors(50));
        1:   56-block  0
call    0 returned 1
call    1 returned 1
branch  2 taken 1 (fallthrough)
branch  3 taken 0
        1:   56-block  1
call    4 returned 1
branch  5 taken 1 (fallthrough)
branch  6 taken 0 (throw)
        1:   56-block  2
branch  7 taken 1 (fallthrough)
branch  8 taken 0
        1:   56-block  3
call    9 returned 1
branch 10 taken 1 (fallthrough)
branch 11 taken 0 (throw)
    %%%%%:   56-block  4
call   12 never executed
branch 13 never executed (fallthrough)
branch 14 never executed (throw)
    %%%%%:   56-block  5
call   15 never executed
branch 16 never executed (fallthrough)
branch 17 never executed (throw)
    %%%%%:   56-block  6
call   18 never executed
call   19 never executed
branch 20 never executed (fallthrough)
branch 21 never executed (throw)
    %%%%%:   56-block  7
call   22 never executed
branch 23 never executed (fallthrough)
branch 24 never executed (throw)
    %%%%%:   56-block  8
call   25 never executed
call   26 never executed
call   27 never executed
        1:   56-block  9
call   28 returned 1
    $$$$$:   56-block 10
branch 29 never executed
branch 30 never executed
    $$$$$:   56-block 11
call   31 never executed
call   32 never executed
branch 33 never executed (fallthrough)
branch 34 never executed (throw)
    $$$$$:   56-block 12
call   35 never executed
branch 36 never executed (fallthrough)
branch 37 never executed (throw)
    $$$$$:   56-block 13
call   38 never executed
branch 39 never executed (fallthrough)
branch 40 never executed (throw)
    $$$$$:   56-block 14
call   41 never executed
call   42 never executed
branch 43 never executed (fallthrough)
branch 44 never executed (throw)
    $$$$$:   56-block 15
call   45 never executed
call   46 never executed
branch 47 never executed (fallthrough)
branch 48 never executed (throw)
    $$$$$:   56-block 16
call   49 never executed
branch 50 never executed (fallthrough)
branch 51 never executed (throw)
    $$$$$:   56-block 17
    $$$$$:   56-block 18
call   52 never executed
    $$$$$:   56-block 19
call   53 never executed
call   54 never executed
branch 55 never executed (fallthrough)
branch 56 never executed (throw)
    $$$$$:   56-block 20
    $$$$$:   56-block 21
call   57 never executed
branch 58 never executed (fallthrough)
branch 59 never executed (throw)
    $$$$$:   56-block 22
call   60 never executed
    $$$$$:   56-block 23
    $$$$$:   56-block 24
call   61 never executed
    $$$$$:   56-block 25
call   62 never executed
    $$$$$:   56-block 26
call   63 never executed
    $$$$$:   56-block 27
call   64 never executed
    $$$$$:   56-block 28
    $$$$$:   56-block 29
    $$$$$:   56-block 30
call   65 never executed
    $$$$$:   56-block 31
    $$$$$:   56-block 32
call   66 never executed
       1*:   57:    EXPECT_EQ(venue.getCurrentVisitors(), 50);
call    0 returned 1
branch  1 taken 1 (fallthrough)
branch  2 taken 0 (throw)
        1:   57-block  0
call    3 returned 1
branch  4 taken 1 (fallthrough)
branch  5 taken 0 (throw)
        1:   57-block  1
call    6 returned 1
branch  7 taken 0 (fallthrough)
branch  8 taken 1
    %%%%%:   57-block  2
call    9 never executed
branch 10 never executed (fallthrough)
branch 11 never executed (throw)
    %%%%%:   57-block  3
call   12 never executed
call   13 never executed
branch 14 never executed (fallthrough)
branch 15 never executed (throw)
    %%%%%:   57-block  4
call   16 never executed
branch 17 never executed (fallthrough)
branch 18 never executed (throw)
    %%%%%:   57-block  5
call   19 never executed
call   20 never executed
        1:   57-block  6
call   21 returned 1
    $$$$$:   57-block  7
    $$$$$:   57-block  8
    $$$$$:   57-block  9
call   22 never executed
    $$$$$:   57-block 10
    $$$$$:   57-block 11
call   23 never executed
    $$$$$:   57-block 12
    $$$$$:   57-block 13
call   24 never executed
        1:   58:}
call    0 returned 1
    $$$$$:   58-block  0
call    1 never executed
------------------
        -:   59:
        4:   60:TEST_F(FacadeTest, AddVisitorsThrowsCapacityExceeded) {
        1:   61:    PlanetariumVenue venue("TestVenue", 100);
        1:   62:    venue.openVenue();
        1:   63:    venue.addVisitors(90);
       1*:   64:    EXPECT_THROW(venue.addVisitors(20), CapacityExceededException);
        1:   65:}
------------------
_ZN49FacadeTest_AddVisitorsThrowsCapacityExceeded_TestC1Ev:
function _ZN49FacadeTest_AddVisitorsThrowsCapacityExceeded_TestC1Ev called 1 returned 100% blocks executed 100%
        1:   60:TEST_F(FacadeTest, AddVisitorsThrowsCapacityExceeded) {
        1:   60-block  0
call    0 returned 1
------------------
_ZN49FacadeTest_AddVisitorsThrowsCapacityExceeded_TestD0Ev:
function _ZN49FacadeTest_AddVisitorsThrowsCapacityExceeded_TestD0Ev called 1 returned 100% blocks executed 100%
        1:   60:TEST_F(FacadeTest, AddVisitorsThrowsCapacityExceeded) {
        1:   60-block  0
call    0 returned 1
call    1 returned 1
------------------
_ZN49FacadeTest_AddVisitorsThrowsCapacityExceeded_TestD1Ev:
function _ZN49FacadeTest_AddVisitorsThrowsCapacityExceeded_TestD1Ev called 1 returned 100% blocks executed 100%
        1:   60:TEST_F(FacadeTest, AddVisitorsThrowsCapacityExceeded) {
        1:   60-block  0
call    0 returned 1
------------------
_ZN49FacadeTest_AddVisitorsThrowsCapacityExceeded_Test8TestBodyEv:
function _ZN49FacadeTest_AddVisitorsThrowsCapacityExceeded_Test8TestBodyEv called 1 returned 100% blocks executed 31%
        1:   60:TEST_F(FacadeTest, AddVisitorsThrowsCapacityExceeded) {
        1:   60-block  0
        1:   61:    PlanetariumVenue venue("TestVenue", 100);
        1:   61-block  0
call    0 returned 1
branch  1 taken 1 (fallthrough)
branch  2 taken 0 (throw)
        1:   61-block  1
call    3 returned 1
branch  4 taken 1 (fallthrough)
branch  5 taken 0 (throw)
        1:   61-block  2
call    6 returned 1
    $$$$$:   61-block  3
call    7 never executed
    $$$$$:   61-block  4
    $$$$$:   61-block  5
        1:   62:    venue.openVenue();
call    0 returned 1
branch  1 taken 1 (fallthrough)
branch  2 taken 0 (throw)
        1:   63:    venue.addVisitors(90);
        1:   63-block  0
call    0 returned 1
branch  1 taken 1 (fallthrough)
branch  2 taken 0 (throw)
       1*:   64:    EXPECT_THROW(venue.addVisitors(20), CapacityExceededException);
        1:   64-block  0
call    0 returned 1
call    1 returned 1
branch  2 taken 1 (fallthrough)
branch  3 taken 0
        1:   64-block  1
call    4 returned 1
branch  5 taken 1 (fallthrough)
branch  6 taken 0 (throw)
        1:   64-block  2
branch  7 taken 1 (fallthrough)
branch  8 taken 0
        1:   64-block  3
call    9 returned 1
branch 10 taken 0 (fallthrough)
branch 11 taken 1 (throw)
        1:   64-block  4
branch 12 taken 0 (fallthrough)
branch 13 taken 1
    %%%%%:   64-block  5
call   14 never executed
branch 15 never executed (fallthrough)
branch 16 never executed (throw)
    %%%%%:   64-block  6
    %%%%%:   64-block  7
call   17 never executed
branch 18 never executed (fallthrough)
branch 19 never executed (throw)
    %%%%%:   64-block  8
call   20 never executed
call   21 never executed
branch 22 never executed (fallthrough)
branch 23 never executed (throw)
    %%%%%:   64-block  9
call   24 never executed
branch 25 never executed (fallthrough)
branch 26 never executed (throw)
    %%%%%:   64-block 10
call   27 never executed
call   28 never executed
        1:   64-block 11
call   29 returned 1
        1:   64-block 12
branch 30 taken 1
branch 31 taken 0
branch 32 taken 0
        1:   64-block 13
call   33 returned 1
call   34 returned 1
branch 35 taken 1 (fallthrough)
branch 36 taken 0 (throw)
    $$$$$:   64-block 14
call   37 never executed
call   38 never executed
branch 39 never executed (fallthrough)
branch 40 never executed (throw)
    $$$$$:   64-block 15
call   41 never executed
branch 42 never executed (fallthrough)
branch 43 never executed (throw)
    $$$$$:   64-block 16
call   44 never executed
branch 45 never executed (fallthrough)
branch 46 never executed (throw)
    $$$$$:   64-block 17
call   47 never executed
call   48 never executed
branch 49 never executed (fallthrough)
branch 50 never executed (throw)
    $$$$$:   64-block 18
call   51 never executed
call   52 never executed
branch 53 never executed (fallthrough)
branch 54 never executed (throw)
    $$$$$:   64-block 19
call   55 never executed
branch 56 never executed (fallthrough)
branch 57 never executed (throw)
    $$$$$:   64-block 20
    $$$$$:   64-block 21
call   58 never executed
    $$$$$:   64-block 22
call   59 never executed
call   60 never executed
branch 61 never executed (fallthrough)
branch 62 never executed (throw)
    $$$$$:   64-block 23
    $$$$$:   64-block 24
call   63 never executed
branch 64 never executed (fallthrough)
branch 65 never executed (throw)
    $$$$$:   64-block 25
call   66 never executed
    $$$$$:   64-block 26
    $$$$$:   64-block 27
call   67 never executed
    $$$$$:   64-block 28
call   68 never executed
    $$$$$:   64-block 29
call   69 never executed
    $$$$$:   64-block 30
    $$$$$:   64-block 31
call   70 never executed
    $$$$$:   64-block 32
    $$$$$:   64-block 33
call   71 never executed
        1:   65:}
call    0 returned 1
    $$$$$:   65-block  0
call    1 never executed
------------------
        -:   66:
        4:   67:TEST_F(FacadeTest, AddVisitorsThrowsInvalidArgument) {
        1:   68:    PlanetariumVenue venue("TestVenue", 100);
       1*:   69:    EXPECT_THROW(venue.addVisitors(-5), std::invalid_argument);
        1:   70:}
------------------
_ZN48FacadeTest_AddVisitorsThrowsInvalidArgument_TestC1Ev:
function _ZN48FacadeTest_AddVisitorsThrowsInvalidArgument_TestC1Ev called 1 returned 100% blocks executed 100%
        1:   67:TEST_F(FacadeTest, AddVisitorsThrowsInvalidArgument) {
        1:   67-block  0
call    0 returned 1
------------------
_ZN48FacadeTest_AddVisitorsThrowsInvalidArgument_TestD0Ev:
function _ZN48FacadeTest_AddVisitorsThrowsInvalidArgument_TestD0Ev called 1 returned 100% blocks executed 100%
        1:   67:TEST_F(FacadeTest, AddVisitorsThrowsInvalidArgument) {
        1:   67-block  0
call    0 returned 1
call    1 returned 1
------------------
_ZN48FacadeTest_AddVisitorsThrowsInvalidArgument_TestD1Ev:
function _ZN48FacadeTest_AddVisitorsThrowsInvalidArgument_TestD1Ev called 1 returned 100% blocks executed 100%
        1:   67:TEST_F(FacadeTest, AddVisitorsThrowsInvalidArgument) {
        1:   67-block  0
call    0 returned 1
------------------
_ZN48FacadeTest_AddVisitorsThrowsInvalidArgument_Test8TestBodyEv:
function _ZN48FacadeTest_AddVisitorsThrowsInvalidArgument_Test8TestBodyEv called 1 returned 100% blocks executed 29%
        1:   67:TEST_F(FacadeTest, AddVisitorsThrowsInvalidArgument) {
        1:   67-block  0
        1:   68:    PlanetariumVenue venue("TestVenue", 100);
        1:   68-block  0
call    0 returned 1
branch  1 taken 1 (fallthrough)
branch  2 taken 0 (throw)
        1:   68-block  1
call    3 returned 1
branch  4 taken 1 (fallthrough)
branch  5 taken 0 (throw)
        1:   68-block  2
call    6 returned 1
    $$$$$:   68-block  3
call    7 never executed
    $$$$$:   68-block  4
    $$$$$:   68-block  5
       1*:   69:    EXPECT_THROW(venue.addVisitors(-5), std::invalid_argument);
call    0 returned 1
call    1 returned 1
branch  2 taken 1 (fallthrough)
branch  3 taken 0
        1:   69-block  0
call    4 returned 1
branch  5 taken 1 (fallthrough)
branch  6 taken 0 (throw)
        1:   69-block  1
branch  7 taken 1 (fallthrough)
branch  8 taken 0
        1:   69-block  2
call    9 returned 1
branch 10 taken 0 (fallthrough)
branch 11 taken 1 (throw)
        1:   69-block  3
branch 12 taken 0 (fallthrough)
branch 13 taken 1
    %%%%%:   69-block  4
call   14 never executed
branch 15 never executed (fallthrough)
branch 16 never executed (throw)
    %%%%%:   69-block  5
    %%%%%:   69-block  6
call   17 never executed
branch 18 never executed (fallthrough)
branch 19 never executed (throw)
    %%%%%:   69-block  7
call   20 never executed
call   21 never executed
branch 22 never executed (fallthrough)
branch 23 never executed (throw)
    %%%%%:   69-block  8
call   24 never executed
branch 25 never executed (fallthrough)
branch 26 never executed (throw)
    %%%%%:   69-block  9
call   27 never executed
call   28 never executed
        1:   69-block 10
call   29 returned 1
        1:   69-block 11
branch 30 taken 1
branch 31 taken 0
branch 32 taken 0
        1:   69-block 12
call   33 returned 1
call   34 returned 1
    $$$$$:   69-block 13
call   35 never executed
call   36 never executed
branch 37 never executed (fallthrough)
branch 38 never executed (throw)
    $$$$$:   69-block 14
call   39 never executed
branch 40 never executed (fallthrough)
branch 41 never executed (throw)
    $$$$$:   69-block 15
call   42 never executed
branch 43 never executed (fallthrough)
branch 44 never executed (throw)
    $$$$$:   69-block 16
call   45 never executed
call   46 never executed
branch 47 never executed (fallthrough)
branch 48 never executed (throw)
    $$$$$:   69-block 17
call   49 never executed
call   50 never executed
branch 51 never executed (fallthrough)
branch 52 never executed (throw)
    $$$$$:   69-block 18
call   53 never executed
branch 54 never executed (fallthrough)
branch 55 never executed (throw)
    $$$$$:   69-block 19
    $$$$$:   69-block 20
call   56 never executed
    $$$$$:   69-block 21
call   57 never executed
call   58 never executed
branch 59 never executed (fallthrough)
branch 60 never executed (throw)
    $$$$$:   69-block 22
    $$$$$:   69-block 23
call   61 never executed
branch 62 never executed (fallthrough)
branch 63 never executed (throw)
    $$$$$:   69-block 24
call   64 never executed
    $$$$$:   69-block 25
    $$$$$:   69-block 26
call   65 never executed
    $$$$$:   69-block 27
call   66 never executed
    $$$$$:   69-block 28
call   67 never executed
    $$$$$:   69-block 29
    $$$$$:   69-block 30
call   68 never executed
    $$$$$:   69-block 31
    $$$$$:   69-block 32
call   69 never executed
        1:   70:}
call    0 returned 1
    $$$$$:   70-block  0
call    1 never executed
------------------
        -:   71:
        4:   72:TEST_F(FacadeTest, RemoveVisitorsSuccess) {
        1:   73:    PlanetariumVenue venue("TestVenue", 100);
        1:   74:    venue.openVenue();
        1:   75:    venue.addVisitors(50);
       1*:   76:    EXPECT_NO_THROW(venue.removeVisitors(30));
       1*:   77:    EXPECT_EQ(venue.getCurrentVisitors(), 20);
        1:   78:}
------------------
_ZN37FacadeTest_RemoveVisitorsSuccess_TestC1Ev:
function _ZN37FacadeTest_RemoveVisitorsSuccess_TestC1Ev called 1 returned 100% blocks executed 100%
        1:   72:TEST_F(FacadeTest, RemoveVisitorsSuccess) {
        1:   72-block  0
call    0 returned 1
------------------
_ZN37FacadeTest_RemoveVisitorsSuccess_TestD0Ev:
function _ZN37FacadeTest_RemoveVisitorsSuccess_TestD0Ev called 1 returned 100% blocks executed 100%
        1:   72:TEST_F(FacadeTest, RemoveVisitorsSuccess) {
        1:   72-block  0
call    0 returned 1
call    1 returned 1
------------------
_ZN37FacadeTest_RemoveVisitorsSuccess_TestD1Ev:
function _ZN37FacadeTest_RemoveVisitorsSuccess_TestD1Ev called 1 returned 100% blocks executed 100%
        1:   72:TEST_F(FacadeTest, RemoveVisitorsSuccess) {
        1:   72-block  0
call    0 returned 1
------------------
_ZN37FacadeTest_RemoveVisitorsSuccess_Test8TestBodyEv:
function _ZN37FacadeTest_RemoveVisitorsSuccess_Test8TestBodyEv called 1 returned 100% blocks executed 25%
        1:   72:TEST_F(FacadeTest, RemoveVisitorsSuccess) {
        1:   72-block  0
        1:   73:    PlanetariumVenue venue("TestVenue", 100);
        1:   73-block  0
call    0 returned 1
branch  1 taken 1 (fallthrough)
branch  2 taken 0 (throw)
        1:   73-block  1
call    3 returned 1
branch  4 taken 1 (fallthrough)
branch  5 taken 0 (throw)
        1:   73-block  2
call    6 returned 1
    $$$$$:   73-block  3
call    7 never executed
    $$$$$:   73-block  4
    $$$$$:   73-block  5
        1:   74:    venue.openVenue();
call    0 returned 1
branch  1 taken 1 (fallthrough)
branch  2 taken 0 (throw)
        1:   75:    venue.addVisitors(50);
        1:   75-block  0
call    0 returned 1
branch  1 taken 1 (fallthrough)
branch  2 taken 0 (throw)
       1*:   76:    EXPECT_NO_THROW(venue.removeVisitors(30));
        1:   76-block  0
call    0 returned 1
call    1 returned 1
branch  2 taken 1 (fallthrough)
branch  3 taken 0
        1:   76-block  1
call    4 returned 1
branch  5 taken 1 (fallthrough)
branch  6 taken 0 (throw)
        1:   76-block  2
branch  7 taken 1 (fallthrough)
branch  8 taken 0
        1:   76-block  3
call    9 returned 1
branch 10 taken 1 (fallthrough)
branch 11 taken 0 (throw)
    %%%%%:   76-block  4
call   12 never executed
branch 13 never executed (fallthrough)
branch 14 never executed (throw)
    %%%%%:   76-block  5
call   15 never executed
branch 16 never executed (fallthrough)
branch 17 never executed (throw)
    %%%%%:   76-block  6
call   18 never executed
call   19 never executed
branch 20 never executed (fallthrough)
branch 21 never executed (throw)
    %%%%%:   76-block  7
call   22 never executed
branch 23 never executed (fallthrough)
branch 24 never executed (throw)
    %%%%%:   76-block  8
call   25 never executed
call   26 never executed
call   27 never executed
        1:   76-block  9
call   28 returned 1
    $$$$$:   76-block 10
branch 29 never executed
branch 30 never executed
    $$$$$:   76-block 11
call   31 never executed
call   32 never executed
branch 33 never executed (fallthrough)
branch 34 never executed (throw)
    $$$$$:   76-block 12
call   35 never executed
branch 36 never executed (fallthrough)
branch 37 never executed (throw)
    $$$$$:   76-block 13
call   38 never executed
branch 39 never executed (fallthrough)
branch 40 never executed (throw)
    $$$$$:   76-block 14
call   41 never executed
call   42 never executed
branch 43 never executed (fallthrough)
branch 44 never executed (throw)
    $$$$$:   76-block 15
call   45 never executed
call   46 never executed
branch 47 never executed (fallthrough)
branch 48 never executed (throw)
    $$$$$:   76-block 16
call   49 never executed
branch 50 never executed (fallthrough)
branch 51 never executed (throw)
    $$$$$:   76-block 17
    $$$$$:   76-block 18
call   52 never executed
    $$$$$:   76-block 19
call   53 never executed
call   54 never executed
branch 55 never executed (fallthrough)
branch 56 never executed (throw)
    $$$$$:   76-block 20
    $$$$$:   76-block 21
call   57 never executed
branch 58 never executed (fallthrough)
branch 59 never executed (throw)
    $$$$$:   76-block 22
call   60 never executed
    $$$$$:   76-block 23
    $$$$$:   76-block 24
call   61 never executed
    $$$$$:   76-block 25
call   62 never executed
    $$$$$:   76-block 26
call   63 never executed
    $$$$$:   76-block 27
call   64 never executed
    $$$$$:   76-block 28
    $$$$$:   76-block 29
    $$$$$:   76-block 30
call   65 never executed
    $$$$$:   76-block 31
    $$$$$:   76-block 32
call   66 never executed
       1*:   77:    EXPECT_EQ(venue.getCurrentVisitors(), 20);
call    0 returned 1
branch  1 taken 1 (fallthrough)
branch  2 taken 0 (throw)
        1:   77-block  0
call    3 returned 1
branch  4 taken 1 (fallthrough)
branch  5 taken 0 (throw)
        1:   77-block  1
call    6 returned 1
branch  7 taken 0 (fallthrough)
branch  8 taken 1
    %%%%%:   77-block  2
call    9 never executed
branch 10 never executed (fallthrough)
branch 11 never executed (throw)
    %%%%%:   77-block  3
call   12 never executed
call   13 never executed
branch 14 never executed (fallthrough)
branch 15 never executed (throw)
    %%%%%:   77-block  4
call   16 never executed
branch 17 never executed (fallthrough)
branch 18 never executed (throw)
    %%%%%:   77-block  5
call   19 never executed
call   20 never executed
        1:   77-block  6
call   21 returned 1
    $$$$$:   77-block  7
    $$$$$:   77-block  8
    $$$$$:   77-block  9
call   22 never executed
    $$$$$:   77-block 10
    $$$$$:   77-block 11
call   23 never executed
    $$$$$:   77-block 12
    $$$$$:   77-block 13
call   24 never executed
        1:   78:}
call    0 returned 1
    $$$$$:   78-block  0
call    1 never executed
------------------
        -:   79:
        4:   80:TEST_F(FacadeTest, RemoveVisitorsThrowsWhenEmpty) {
        1:   81:    PlanetariumVenue venue("TestVenue", 100);
        1:   82:    venue.openVenue();
       1*:   83:    EXPECT_THROW(venue.removeVisitors(10), VenueIsEmpty);
        1:   84:}
------------------
_ZN45FacadeTest_RemoveVisitorsThrowsWhenEmpty_TestC1Ev:
function _ZN45FacadeTest_RemoveVisitorsThrowsWhenEmpty_TestC1Ev called 1 returned 100% blocks executed 100%
        1:   80:TEST_F(FacadeTest, RemoveVisitorsThrowsWhenEmpty) {
        1:   80-block  0
call    0 returned 1
------------------
_ZN45FacadeTest_RemoveVisitorsThrowsWhenEmpty_TestD0Ev:
function _ZN45FacadeTest_RemoveVisitorsThrowsWhenEmpty_TestD0Ev called 1 returned 100% blocks executed 100%
        1:   80:TEST_F(FacadeTest, RemoveVisitorsThrowsWhenEmpty) {
        1:   80-block  0
call    0 returned 1
call    1 returned 1
------------------
_ZN45FacadeTest_RemoveVisitorsThrowsWhenEmpty_TestD1Ev:
function _ZN45FacadeTest_RemoveVisitorsThrowsWhenEmpty_TestD1Ev called 1 returned 100% blocks executed 100%
        1:   80:TEST_F(FacadeTest, RemoveVisitorsThrowsWhenEmpty) {
        1:   80-block  0
call    0 returned 1
------------------
_ZN45FacadeTest_RemoveVisitorsThrowsWhenEmpty_Test8TestBodyEv:
function _ZN45FacadeTest_RemoveVisitorsThrowsWhenEmpty_Test8TestBodyEv called 1 returned 100% blocks executed 30%
        1:   80:TEST_F(FacadeTest, RemoveVisitorsThrowsWhenEmpty) {
        1:   80-block  0
        1:   81:    PlanetariumVenue venue("TestVenue", 100);
        1:   81-block  0
call    0 returned 1
branch  1 taken 1 (fallthrough)
branch  2 taken 0 (throw)
        1:   81-block  1
call    3 returned 1
branch  4 taken 1 (fallthrough)
branch  5 taken 0 (throw)
        1:   81-block  2
call    6 returned 1
    $$$$$:   81-block  3
call    7 never executed
    $$$$$:   81-block  4
    $$$$$:   81-block  5
        1:   82:    venue.openVenue();
call    0 returned 1
branch  1 taken 1 (fallthrough)
branch  2 taken 0 (throw)
       1*:   83:    EXPECT_THROW(venue.removeVisitors(10), VenueIsEmpty);
        1:   83-block  0
call    0 returned 1
call    1 returned 1
branch  2 taken 1 (fallthrough)
branch  3 taken 0
        1:   83-block  1
call    4 returned 1
branch  5 taken 1 (fallthrough)
branch  6 taken 0 (throw)
        1:   83-block  2
branch  7 taken 1 (fallthrough)
branch  8 taken 0
        1:   83-block  3
call    9 returned 1
branch 10 taken 0 (fallthrough)
branch 11 taken 1 (throw)
        1:   83-block  4
branch 12 taken 0 (fallthrough)
branch 13 taken 1
    %%%%%:   83-block  5
call   14 never executed
branch 15 never executed (fallthrough)
branch 16 never executed (throw)
    %%%%%:   83-block  6
    %%%%%:   83-block  7
call   17 never executed
branch 18 never executed (fallthrough)
branch 19 never executed (throw)
    %%%%%:   83-block  8
call   20 never executed
call   21 never executed
branch 22 never executed (fallthrough)
branch 23 never executed (throw)
    %%%%%:   83-block  9
call   24 never executed
branch 25 never executed (fallthrough)
branch 26 never executed (throw)
    %%%%%:   83-block 10
call   27 never executed
call   28 never executed
        1:   83-block 11
call   29 returned 1
        1:   83-block 12
branch 30 taken 1
branch 31 taken 0
branch 32 taken 0
        1:   83-block 13
call   33 returned 1
call   34 returned 1
branch 35 taken 1 (fallthrough)
branch 36 taken 0 (throw)
    $$$$$:   83-block 14
call   37 never executed
call   38 never executed
branch 39 never executed (fallthrough)
branch 40 never executed (throw)
    $$$$$:   83-block 15
call   41 never executed
branch 42 never executed (fallthrough)
branch 43 never executed (throw)
    $$$$$:   83-block 16
call   44 never executed
branch 45 never executed (fallthrough)
branch 46 never executed (throw)
    $$$$$:   83-block 17
call   47 never executed
call   48 never executed
branch 49 never executed (fallthrough)
branch 50 never executed (throw)
    $$$$$:   83-block 18
call   51 never executed
call   52 never executed
branch 53 never executed (fallthrough)
branch 54 never executed (throw)
    $$$$$:   83-block 19
call   55 never executed
branch 56 never executed (fallthrough)
branch 57 never executed (throw)
    $$$$$:   83-block 20
    $$$$$:   83-block 21
call   58 never executed
    $$$$$:   83-block 22
call   59 never executed
call   60 never executed
branch 61 never executed (fallthrough)
branch 62 never executed (throw)
    $$$$$:   83-block 23
    $$$$$:   83-block 24
call   63 never executed
branch 64 never executed (fallthrough)
branch 65 never executed (throw)
    $$$$$:   83-block 25
call   66 never executed
    $$$$$:   83-block 26
    $$$$$:   83-block 27
call   67 never executed
    $$$$$:   83-block 28
call   68 never executed
    $$$$$:   83-block 29
call   69 never executed
    $$$$$:   83-block 30
    $$$$$:   83-block 31
call   70 never executed
    $$$$$:   83-block 32
    $$$$$:   83-block 33
call   71 never executed
        1:   84:}
call    0 returned 1
    $$$$$:   84-block  0
call    1 never executed
------------------
        -:   85:
        4:   86:TEST_F(FacadeTest, RemoveVisitorsThrowsOutOfRange) {
        1:   87:    PlanetariumVenue venue("TestVenue", 100);
        1:   88:    venue.openVenue();
        1:   89:    venue.addVisitors(5);
       1*:   90:    EXPECT_THROW(venue.removeVisitors(10), std::out_of_range);
        1:   91:}
------------------
_ZN46FacadeTest_RemoveVisitorsThrowsOutOfRange_TestC1Ev:
function _ZN46FacadeTest_RemoveVisitorsThrowsOutOfRange_TestC1Ev called 1 returned 100% blocks executed 100%
        1:   86:TEST_F(FacadeTest, RemoveVisitorsThrowsOutOfRange) {
        1:   86-block  0
call    0 returned 1
------------------
_ZN46FacadeTest_RemoveVisitorsThrowsOutOfRange_TestD0Ev:
function _ZN46FacadeTest_RemoveVisitorsThrowsOutOfRange_TestD0Ev called 1 returned 100% blocks executed 100%
        1:   86:TEST_F(FacadeTest, RemoveVisitorsThrowsOutOfRange) {
        1:   86-block  0
call    0 returned 1
call    1 returned 1
------------------
_ZN46FacadeTest_RemoveVisitorsThrowsOutOfRange_TestD1Ev:
function _ZN46FacadeTest_RemoveVisitorsThrowsOutOfRange_TestD1Ev called 1 returned 100% blocks executed 100%
        1:   86:TEST_F(FacadeTest, RemoveVisitorsThrowsOutOfRange) {
        1:   86-block  0
call    0 returned 1
------------------
_ZN46FacadeTest_RemoveVisitorsThrowsOutOfRange_Test8TestBodyEv:
function _ZN46FacadeTest_RemoveVisitorsThrowsOutOfRange_Test8TestBodyEv called 1 returned 100% blocks executed 31%
        1:   86:TEST_F(FacadeTest, RemoveVisitorsThrowsOutOfRange) {
        1:   86-block  0
        1:   87:    PlanetariumVenue venue("TestVenue", 100);
        1:   87-block  0
call    0 returned 1
branch  1 taken 1 (fallthrough)
branch  2 taken 0 (throw)
        1:   87-block  1
call    3 returned 1
branch  4 taken 1 (fallthrough)
branch  5 taken 0 (throw)
        1:   87-block  2
call    6 returned 1
    $$$$$:   87-block  3
call    7 never executed
    $$$$$:   87-block  4
    $$$$$:   87-block  5
        1:   88:    venue.openVenue();
call    0 returned 1
branch  1 taken 1 (fallthrough)
branch  2 taken 0 (throw)
        1:   89:    venue.addVisitors(5);
        1:   89-block  0
call    0 returned 1
branch  1 taken 1 (fallthrough)
branch  2 taken 0 (throw)
       1*:   90:    EXPECT_THROW(venue.removeVisitors(10), std::out_of_range);
        1:   90-block  0
call    0 returned 1
call    1 returned 1
branch  2 taken 1 (fallthrough)
branch  3 taken 0
        1:   90-block  1
call    4 returned 1
branch  5 taken 1 (fallthrough)
branch  6 taken 0 (throw)
        1:   90-block  2
branch  7 taken 1 (fallthrough)
branch  8 taken 0
        1:   90-block  3
call    9 returned 1
branch 10 taken 0 (fallthrough)
branch 11 taken 1 (throw)
        1:   90-block  4
branch 12 taken 0 (fallthrough)
branch 13 taken 1
    %%%%%:   90-block  5
call   14 never executed
branch 15 never executed (fallthrough)
branch 16 never executed (throw)
    %%%%%:   90-block  6
    %%%%%:   90-block  7
call   17 never executed
branch 18 never executed (fallthrough)
branch 19 never executed (throw)
    %%%%%:   90-block  8
call   20 never executed
call   21 never executed
branch 22 never executed (fallthrough)
branch 23 never executed (throw)
    %%%%%:   90-block  9
call   24 never executed
branch 25 never executed (fallthrough)
branch 26 never executed (throw)
    %%%%%:   90-block 10
call   27 never executed
call   28 never executed
        1:   90-block 11
call   29 returned 1
        1:   90-block 12
branch 30 taken 1
branch 31 taken 0
branch 32 taken 0
        1:   90-block 13
call   33 returned 1
call   34 returned 1
    $$$$$:   90-block 14
call   35 never executed
call   36 never executed
branch 37 never executed (fallthrough)
branch 38 never executed (throw)
    $$$$$:   90-block 15
call   39 never executed
branch 40 never executed (fallthrough)
branch 41 never executed (throw)
    $$$$$:   90-block 16
call   42 never executed
branch 43 never executed (fallthrough)
branch 44 never executed (throw)
    $$$$$:   90-block 17
call   45 never executed
call   46 never executed
branch 47 never executed (fallthrough)
branch 48 never executed (throw)
    $$$$$:   90-block 18
call   49 never executed
call   50 never executed
branch 51 never executed (fallthrough)
branch 52 never executed (throw)
    $$$$$:   90-block 19
call   53 never executed
branch 54 never executed (fallthrough)
branch 55 never executed (throw)
    $$$$$:   90-block 20
    $$$$$:   90-block 21
call   56 never executed
    $$$$$:   90-block 22
call   57 never executed
call   58 never executed
branch 59 never executed (fallthrough)
branch 60 never executed (throw)
    $$$$$:   90-block 23
    $$$$$:   90-block 24
call   61 never executed
branch 62 never executed (fallthrough)
branch 63 never executed (throw)
    $$$$$:   90-block 25
call   64 never executed
    $$$$$:   90-block 26
    $$$$$:   90-block 27
call   65 never executed
    $$$$$:   90-block 28
call   66 never executed
    $$$$$:   90-block 29
call   67 never executed
    $$$$$:   90-block 30
    $$$$$:   90-block 31
call   68 never executed
    $$$$$:   90-block 32
    $$$$$:   90-block 33
call   69 never executed
        1:   91:}
call    0 returned 1
    $$$$$:   91-block  0
call    1 never executed
------------------
        -:   92:
        4:   93:TEST_F(FacadeTest, HostEventSuccess) {
        1:   94:    PlanetariumVenue venue("TestVenue", 100);
        1:   95:    venue.openVenue();
        1:   96:    venue.setSchedule(9, 0, 8, 22, 0, 60);
        1:   97:    Employee organizer("John", 30, Enums::EmployeePosition::EDUCATION_COORDINATOR);
        1:   98:    Date date(2025, 12, 1);
        1:   99:    Event event("Test Event", date, 30, &organizer);
        1:  100:    std::string result = venue.hostEvent(event);
       1*:  101:    EXPECT_NE(result.find("Test Event"), std::string::npos);
       1*:  102:    EXPECT_NE(result.find("John"), std::string::npos);
       1*:  103:    EXPECT_EQ(venue.getCurrentVisitors(), 30);
        1:  104:}
------------------
_ZN32FacadeTest_HostEventSuccess_TestC1Ev:
function _ZN32FacadeTest_HostEventSuccess_TestC1Ev called 1 returned 100% blocks executed 100%
        1:   93:TEST_F(FacadeTest, HostEventSuccess) {
        1:   93-block  0
call    0 returned 1
------------------
_ZN32FacadeTest_HostEventSuccess_TestD0Ev:
function _ZN32FacadeTest_HostEventSuccess_TestD0Ev called 1 returned 100% blocks executed 100%
        1:   93:TEST_F(FacadeTest, HostEventSuccess) {
        1:   93-block  0
call    0 returned 1
call    1 returned 1
------------------
_ZN32FacadeTest_HostEventSuccess_TestD1Ev:
function _ZN32FacadeTest_HostEventSuccess_TestD1Ev called 1 returned 100% blocks executed 100%
        1:   93:TEST_F(FacadeTest, HostEventSuccess) {
        1:   93-block  0
call    0 returned 1
------------------
_ZN32FacadeTest_HostEventSuccess_Test8TestBodyEv:
function _ZN32FacadeTest_HostEventSuccess_Test8TestBodyEv called 1 returned 100% blocks executed 36%
        1:   93:TEST_F(FacadeTest, HostEventSuccess) {
        1:   93-block  0
        1:   94:    PlanetariumVenue venue("TestVenue", 100);
        1:   94-block  0
call    0 returned 1
branch  1 taken 1 (fallthrough)
branch  2 taken 0 (throw)
        1:   94-block  1
call    3 returned 1
branch  4 taken 1 (fallthrough)
branch  5 taken 0 (throw)
        1:   94-block  2
call    6 returned 1
    $$$$$:   94-block  3
call    7 never executed
    $$$$$:   94-block  4
    $$$$$:   94-block  5
        1:   95:    venue.openVenue();
call    0 returned 1
branch  1 taken 1 (fallthrough)
branch  2 taken 0 (throw)
        1:   96:    venue.setSchedule(9, 0, 8, 22, 0, 60);
        1:   96-block  0
call    0 returned 1
branch  1 taken 1 (fallthrough)
branch  2 taken 0 (throw)
        1:   97:    Employee organizer("John", 30, Enums::EmployeePosition::EDUCATION_COORDINATOR);
        1:   97-block  0
call    0 returned 1
branch  1 taken 1 (fallthrough)
branch  2 taken 0 (throw)
        1:   97-block  1
call    3 returned 1
branch  4 taken 1 (fallthrough)
branch  5 taken 0 (throw)
        1:   97-block  2
call    6 returned 1
    $$$$$:   97-block  3
call    7 never executed
    $$$$$:   97-block  4
    $$$$$:   97-block  5
        1:   98:    Date date(2025, 12, 1);
call    0 returned 1
branch  1 taken 1 (fallthrough)
branch  2 taken 0 (throw)
        1:   99:    Event event("Test Event", date, 30, &organizer);
        1:   99-block  0
call    0 returned 1
branch  1 taken 1 (fallthrough)
branch  2 taken 0 (throw)
        1:   99-block  1
call    3 returned 1
branch  4 taken 1 (fallthrough)
branch  5 taken 0 (throw)
        1:   99-block  2
call    6 returned 1
    $$$$$:   99-block  3
call    7 never executed
    $$$$$:   99-block  4
    $$$$$:   99-block  5
        1:  100:    std::string result = venue.hostEvent(event);
call    0 returned 1
branch  1 taken 1 (fallthrough)
branch  2 taken 0 (throw)
       1*:  101:    EXPECT_NE(result.find("Test Event"), std::string::npos);
        1:  101-block  0
call    0 returned 1
call    1 returned 1
branch  2 taken 1 (fallthrough)
branch  3 taken 0 (throw)
        1:  101-block  1
call    4 returned 1
branch  5 taken 0 (fallthrough)
branch  6 taken 1
    %%%%%:  101-block  2
call    7 never executed
branch  8 never executed (fallthrough)
branch  9 never executed (throw)
    %%%%%:  101-block  3
call   10 never executed
call   11 never executed
branch 12 never executed (fallthrough)
branch 13 never executed (throw)
    %%%%%:  101-block  4
call   14 never executed
branch 15 never executed (fallthrough)
branch 16 never executed (throw)
    %%%%%:  101-block  5
call   17 never executed
call   18 never executed
        1:  101-block  6
call   19 returned 1
    $$$$$:  101-block  7
    $$$$$:  101-block  8
call   20 never executed
    $$$$$:  101-block  9
    $$$$$:  101-block 10
call   21 never executed
    $$$$$:  101-block 11
    $$$$$:  101-block 12
call   22 never executed
       1*:  102:    EXPECT_NE(result.find("John"), std::string::npos);
call    0 returned 1
call    1 returned 1
branch  2 taken 1 (fallthrough)
branch  3 taken 0 (throw)
        1:  102-block  0
call    4 returned 1
branch  5 taken 0 (fallthrough)
branch  6 taken 1
    %%%%%:  102-block  1
call    7 never executed
branch  8 never executed (fallthrough)
branch  9 never executed (throw)
    %%%%%:  102-block  2
call   10 never executed
call   11 never executed
branch 12 never executed (fallthrough)
branch 13 never executed (throw)
    %%%%%:  102-block  3
call   14 never executed
branch 15 never executed (fallthrough)
branch 16 never executed (throw)
    %%%%%:  102-block  4
call   17 never executed
call   18 never executed
        1:  102-block  5
call   19 returned 1
    $$$$$:  102-block  6
    $$$$$:  102-block  7
call   20 never executed
    $$$$$:  102-block  8
    $$$$$:  102-block  9
call   21 never executed
    $$$$$:  102-block 10
    $$$$$:  102-block 11
call   22 never executed
       1*:  103:    EXPECT_EQ(venue.getCurrentVisitors(), 30);
call    0 returned 1
branch  1 taken 1 (fallthrough)
branch  2 taken 0 (throw)
        1:  103-block  0
call    3 returned 1
branch  4 taken 1 (fallthrough)
branch  5 taken 0 (throw)
        1:  103-block  1
call    6 returned 1
branch  7 taken 0 (fallthrough)
branch  8 taken 1
    %%%%%:  103-block  2
call    9 never executed
branch 10 never executed (fallthrough)
branch 11 never executed (throw)
    %%%%%:  103-block  3
call   12 never executed
call   13 never executed
branch 14 never executed (fallthrough)
branch 15 never executed (throw)
    %%%%%:  103-block  4
call   16 never executed
branch 17 never executed (fallthrough)
branch 18 never executed (throw)
    %%%%%:  103-block  5
call   19 never executed
call   20 never executed
        1:  103-block  6
call   21 returned 1
    $$$$$:  103-block  7
    $$$$$:  103-block  8
    $$$$$:  103-block  9
call   22 never executed
    $$$$$:  103-block 10
    $$$$$:  103-block 11
call   23 never executed
    $$$$$:  103-block 12
    $$$$$:  103-block 13
call   24 never executed
        1:  104:}
call    0 returned 1
call    1 returned 1
call    2 returned 1
call    3 returned 1
    $$$$$:  104-block  0
call    4 never executed
    $$$$$:  104-block  1
call    5 never executed
    $$$$$:  104-block  2
call    6 never executed
    $$$$$:  104-block  3
call    7 never executed
------------------
        -:  105:
        4:  106:TEST_F(FacadeTest, HostEventThrowsWhenClosed) {
        2:  107:    PlanetariumVenue venue("TestVenue", 100);
        1:  108:    Employee organizer("John", 30, Enums::EmployeePosition::EDUCATION_COORDINATOR);
        1:  109:    Date date(2025, 12, 1);
        1:  110:    Event event("Test Event", date, 30, &organizer);
       1*:  111:    EXPECT_THROW(venue.hostEvent(event), VenueClosedException);
        1:  112:}
------------------
_ZN41FacadeTest_HostEventThrowsWhenClosed_TestC1Ev:
function _ZN41FacadeTest_HostEventThrowsWhenClosed_TestC1Ev called 1 returned 100% blocks executed 100%
        1:  106:TEST_F(FacadeTest, HostEventThrowsWhenClosed) {
        1:  106-block  0
call    0 returned 1
------------------
_ZN41FacadeTest_HostEventThrowsWhenClosed_TestD0Ev:
function _ZN41FacadeTest_HostEventThrowsWhenClosed_TestD0Ev called 1 returned 100% blocks executed 100%
        1:  106:TEST_F(FacadeTest, HostEventThrowsWhenClosed) {
        1:  106-block  0
call    0 returned 1
call    1 returned 1
------------------
_ZN41FacadeTest_HostEventThrowsWhenClosed_TestD1Ev:
function _ZN41FacadeTest_HostEventThrowsWhenClosed_TestD1Ev called 1 returned 100% blocks executed 100%
        1:  106:TEST_F(FacadeTest, HostEventThrowsWhenClosed) {
        1:  106-block  0
call    0 returned 1
------------------
_ZN41FacadeTest_HostEventThrowsWhenClosed_Test8TestBodyEv:
function _ZN41FacadeTest_HostEventThrowsWhenClosed_Test8TestBodyEv called 1 returned 100% blocks executed 35%
        1:  106:TEST_F(FacadeTest, HostEventThrowsWhenClosed) {
        1:  106-block  0
        2:  107:    PlanetariumVenue venue("TestVenue", 100);
        1:  107-block  0
call    0 returned 1
branch  1 taken 1 (fallthrough)
branch  2 taken 0 (throw)
        1:  107-block  1
call    3 returned 1
branch  4 taken 1 (fallthrough)
branch  5 taken 0 (throw)
        1:  107-block  2
call    6 returned 1
    $$$$$:  107-block  3
call    7 never executed
    $$$$$:  107-block  4
    $$$$$:  107-block  5
        1:  108:    Employee organizer("John", 30, Enums::EmployeePosition::EDUCATION_COORDINATOR);
        1:  108-block  0
call    0 returned 1
branch  1 taken 1 (fallthrough)
branch  2 taken 0 (throw)
        1:  108-block  1
call    3 returned 1
branch  4 taken 1 (fallthrough)
branch  5 taken 0 (throw)
        1:  108-block  2
call    6 returned 1
    $$$$$:  108-block  3
call    7 never executed
    $$$$$:  108-block  4
    $$$$$:  108-block  5
        1:  109:    Date date(2025, 12, 1);
call    0 returned 1
branch  1 taken 1 (fallthrough)
branch  2 taken 0 (throw)
        1:  110:    Event event("Test Event", date, 30, &organizer);
        1:  110-block  0
call    0 returned 1
branch  1 taken 1 (fallthrough)
branch  2 taken 0 (throw)
        1:  110-block  1
call    3 returned 1
branch  4 taken 1 (fallthrough)
branch  5 taken 0 (throw)
        1:  110-block  2
call    6 returned 1
    $$$$$:  110-block  3
call    7 never executed
    $$$$$:  110-block  4
    $$$$$:  110-block  5
       1*:  111:    EXPECT_THROW(venue.hostEvent(event), VenueClosedException);
call    0 returned 1
call    1 returned 1
branch  2 taken 1 (fallthrough)
branch  3 taken 0
        1:  111-block  0
call    4 returned 1
branch  5 taken 1 (fallthrough)
branch  6 taken 0 (throw)
        1:  111-block  1
branch  7 taken 1 (fallthrough)
branch  8 taken 0
        1:  111-block  2
call    9 returned 1
branch 10 taken 0 (fallthrough)
branch 11 taken 1 (throw)
    %%%%%:  111-block  3
call   12 never executed
        1:  111-block  4
branch 13 taken 0 (fallthrough)
branch 14 taken 1
    %%%%%:  111-block  5
call   15 never executed
branch 16 never executed (fallthrough)
branch 17 never executed (throw)
    %%%%%:  111-block  6
    %%%%%:  111-block  7
call   18 never executed
branch 19 never executed (fallthrough)
branch 20 never executed (throw)
    %%%%%:  111-block  8
call   21 never executed
call   22 never executed
branch 23 never executed (fallthrough)
branch 24 never executed (throw)
    %%%%%:  111-block  9
call   25 never executed
branch 26 never executed (fallthrough)
branch 27 never executed (throw)
    %%%%%:  111-block 10
call   28 never executed
call   29 never executed
        1:  111-block 11
call   30 returned 1
        1:  111-block 12
        1:  111-block 13
branch 31 taken 1
branch 32 taken 0
branch 33 taken 0
        1:  111-block 14
call   34 returned 1
call   35 returned 1
branch 36 taken 1 (fallthrough)
branch 37 taken 0 (throw)
    $$$$$:  111-block 15
call   38 never executed
call   39 never executed
branch 40 never executed (fallthrough)
branch 41 never executed (throw)
    $$$$$:  111-block 16
call   42 never executed
branch 43 never executed (fallthrough)
branch 44 never executed (throw)
    $$$$$:  111-block 17
call   45 never executed
branch 46 never executed (fallthrough)
branch 47 never executed (throw)
    $$$$$:  111-block 18
call   48 never executed
call   49 never executed
branch 50 never executed (fallthrough)
branch 51 never executed (throw)
    $$$$$:  111-block 19
call   52 never executed
call   53 never executed
branch 54 never executed (fallthrough)
branch 55 never executed (throw)
    $$$$$:  111-block 20
call   56 never executed
branch 57 never executed (fallthrough)
branch 58 never executed (throw)
    $$$$$:  111-block 21
    $$$$$:  111-block 22
call   59 never executed
    $$$$$:  111-block 23
call   60 never executed
call   61 never executed
branch 62 never executed (fallthrough)
branch 63 never executed (throw)
    $$$$$:  111-block 24
    $$$$$:  111-block 25
call   64 never executed
branch 65 never executed (fallthrough)
branch 66 never executed (throw)
    $$$$$:  111-block 26
call   67 never executed
    $$$$$:  111-block 27
    $$$$$:  111-block 28
call   68 never executed
    $$$$$:  111-block 29
call   69 never executed
    $$$$$:  111-block 30
call   70 never executed
    $$$$$:  111-block 31
    $$$$$:  111-block 32
call   71 never executed
    $$$$$:  111-block 33
    $$$$$:  111-block 34
call   72 never executed
        1:  112:}
call    0 returned 1
call    1 returned 1
call    2 returned 1
    $$$$$:  112-block  0
call    3 never executed
    $$$$$:  112-block  1
call    4 never executed
    $$$$$:  112-block  2
call    5 never executed
------------------
        -:  113:
        4:  114:TEST_F(FacadeTest, SetTicketPrice) {
        1:  115:    PlanetariumVenue venue("TestVenue", 100);
        1:  116:    venue.setTicketPrice(50.5);
       1*:  117:    EXPECT_EQ(venue.getTicketPrice(), 50.5);
       1*:  118:    EXPECT_THROW(venue.setTicketPrice(-10), std::invalid_argument);
        1:  119:}
------------------
_ZN30FacadeTest_SetTicketPrice_TestC1Ev:
function _ZN30FacadeTest_SetTicketPrice_TestC1Ev called 1 returned 100% blocks executed 100%
        1:  114:TEST_F(FacadeTest, SetTicketPrice) {
        1:  114-block  0
call    0 returned 1
------------------
_ZN30FacadeTest_SetTicketPrice_TestD0Ev:
function _ZN30FacadeTest_SetTicketPrice_TestD0Ev called 1 returned 100% blocks executed 100%
        1:  114:TEST_F(FacadeTest, SetTicketPrice) {
        1:  114-block  0
call    0 returned 1
call    1 returned 1
------------------
_ZN30FacadeTest_SetTicketPrice_TestD1Ev:
function _ZN30FacadeTest_SetTicketPrice_TestD1Ev called 1 returned 100% blocks executed 100%
        1:  114:TEST_F(FacadeTest, SetTicketPrice) {
        1:  114-block  0
call    0 returned 1
------------------
_ZN30FacadeTest_SetTicketPrice_Test8TestBodyEv:
function _ZN30FacadeTest_SetTicketPrice_Test8TestBodyEv called 1 returned 100% blocks executed 28%
        1:  114:TEST_F(FacadeTest, SetTicketPrice) {
        1:  114-block  0
        1:  115:    PlanetariumVenue venue("TestVenue", 100);
        1:  115-block  0
call    0 returned 1
branch  1 taken 1 (fallthrough)
branch  2 taken 0 (throw)
        1:  115-block  1
call    3 returned 1
branch  4 taken 1 (fallthrough)
branch  5 taken 0 (throw)
        1:  115-block  2
call    6 returned 1
    $$$$$:  115-block  3
call    7 never executed
    $$$$$:  115-block  4
    $$$$$:  115-block  5
        1:  116:    venue.setTicketPrice(50.5);
call    0 returned 1
branch  1 taken 1 (fallthrough)
branch  2 taken 0 (throw)
       1*:  117:    EXPECT_EQ(venue.getTicketPrice(), 50.5);
        1:  117-block  0
call    0 returned 1
branch  1 taken 1 (fallthrough)
branch  2 taken 0 (throw)
        1:  117-block  1
call    3 returned 1
branch  4 taken 1 (fallthrough)
branch  5 taken 0 (throw)
        1:  117-block  2
call    6 returned 1
branch  7 taken 0 (fallthrough)
branch  8 taken 1
    %%%%%:  117-block  3
call    9 never executed
branch 10 never executed (fallthrough)
branch 11 never executed (throw)
    %%%%%:  117-block  4
call   12 never executed
call   13 never executed
branch 14 never executed (fallthrough)
branch 15 never executed (throw)
    %%%%%:  117-block  5
call   16 never executed
branch 17 never executed (fallthrough)
branch 18 never executed (throw)
    %%%%%:  117-block  6
call   19 never executed
call   20 never executed
        1:  117-block  7
call   21 returned 1
    $$$$$:  117-block  8
    $$$$$:  117-block  9
    $$$$$:  117-block 10
call   22 never executed
    $$$$$:  117-block 11
    $$$$$:  117-block 12
call   23 never executed
    $$$$$:  117-block 13
    $$$$$:  117-block 14
call   24 never executed
       1*:  118:    EXPECT_THROW(venue.setTicketPrice(-10), std::invalid_argument);
call    0 returned 1
call    1 returned 1
branch  2 taken 1 (fallthrough)
branch  3 taken 0
        1:  118-block  0
call    4 returned 1
branch  5 taken 1 (fallthrough)
branch  6 taken 0 (throw)
        1:  118-block  1
branch  7 taken 1 (fallthrough)
branch  8 taken 0
        1:  118-block  2
call    9 returned 1
branch 10 taken 0 (fallthrough)
branch 11 taken 1 (throw)
        1:  118-block  3
branch 12 taken 0 (fallthrough)
branch 13 taken 1
    %%%%%:  118-block  4
call   14 never executed
branch 15 never executed (fallthrough)
branch 16 never executed (throw)
    %%%%%:  118-block  5
    %%%%%:  118-block  6
call   17 never executed
branch 18 never executed (fallthrough)
branch 19 never executed (throw)
    %%%%%:  118-block  7
call   20 never executed
call   21 never executed
branch 22 never executed (fallthrough)
branch 23 never executed (throw)
    %%%%%:  118-block  8
call   24 never executed
branch 25 never executed (fallthrough)
branch 26 never executed (throw)
    %%%%%:  118-block  9
call   27 never executed
call   28 never executed
        1:  118-block 10
call   29 returned 1
        1:  118-block 11
branch 30 taken 1
branch 31 taken 0
branch 32 taken 0
        1:  118-block 12
call   33 returned 1
call   34 returned 1
    $$$$$:  118-block 13
call   35 never executed
call   36 never executed
branch 37 never executed (fallthrough)
branch 38 never executed (throw)
    $$$$$:  118-block 14
call   39 never executed
branch 40 never executed (fallthrough)
branch 41 never executed (throw)
    $$$$$:  118-block 15
call   42 never executed
branch 43 never executed (fallthrough)
branch 44 never executed (throw)
    $$$$$:  118-block 16
call   45 never executed
call   46 never executed
branch 47 never executed (fallthrough)
branch 48 never executed (throw)
    $$$$$:  118-block 17
call   49 never executed
call   50 never executed
branch 51 never executed (fallthrough)
branch 52 never executed (throw)
    $$$$$:  118-block 18
call   53 never executed
branch 54 never executed (fallthrough)
branch 55 never executed (throw)
    $$$$$:  118-block 19
    $$$$$:  118-block 20
call   56 never executed
    $$$$$:  118-block 21
call   57 never executed
call   58 never executed
branch 59 never executed (fallthrough)
branch 60 never executed (throw)
    $$$$$:  118-block 22
    $$$$$:  118-block 23
call   61 never executed
branch 62 never executed (fallthrough)
branch 63 never executed (throw)
    $$$$$:  118-block 24
call   64 never executed
    $$$$$:  118-block 25
    $$$$$:  118-block 26
call   65 never executed
    $$$$$:  118-block 27
call   66 never executed
    $$$$$:  118-block 28
call   67 never executed
    $$$$$:  118-block 29
    $$$$$:  118-block 30
call   68 never executed
    $$$$$:  118-block 31
    $$$$$:  118-block 32
call   69 never executed
        1:  119:}
call    0 returned 1
    $$$$$:  119-block  0
call    1 never executed
------------------
        -:  120:
        4:  121:TEST_F(FacadeTest, ScheduleOperations) {
        1:  122:    PlanetariumVenue venue("TestVenue", 100);
        1:  123:    venue.setSchedule(9, 0, 8, 13, 0, 60);
       1*:  124:    EXPECT_EQ(venue.getOpeningTime().getHours(), 9);
       1*:  125:    EXPECT_EQ(venue.getClosingTime().getHours(), 17);
       1*:  126:    EXPECT_EQ(venue.getLunchStart().getHours(), 13);
       1*:  127:    EXPECT_EQ(venue.getLunchEnd().getHours(), 14);
        1:  128:}
------------------
_ZN34FacadeTest_ScheduleOperations_TestC1Ev:
function _ZN34FacadeTest_ScheduleOperations_TestC1Ev called 1 returned 100% blocks executed 100%
        1:  121:TEST_F(FacadeTest, ScheduleOperations) {
        1:  121-block  0
call    0 returned 1
------------------
_ZN34FacadeTest_ScheduleOperations_TestD0Ev:
function _ZN34FacadeTest_ScheduleOperations_TestD0Ev called 1 returned 100% blocks executed 100%
        1:  121:TEST_F(FacadeTest, ScheduleOperations) {
        1:  121-block  0
call    0 returned 1
call    1 returned 1
------------------
_ZN34FacadeTest_ScheduleOperations_TestD1Ev:
function _ZN34FacadeTest_ScheduleOperations_TestD1Ev called 1 returned 100% blocks executed 100%
        1:  121:TEST_F(FacadeTest, ScheduleOperations) {
        1:  121-block  0
call    0 returned 1
------------------
_ZN34FacadeTest_ScheduleOperations_Test8TestBodyEv:
function _ZN34FacadeTest_ScheduleOperations_Test8TestBodyEv called 1 returned 100% blocks executed 29%
        1:  121:TEST_F(FacadeTest, ScheduleOperations) {
        1:  121-block  0
        1:  122:    PlanetariumVenue venue("TestVenue", 100);
        1:  122-block  0
call    0 returned 1
branch  1 taken 1 (fallthrough)
branch  2 taken 0 (throw)
        1:  122-block  1
call    3 returned 1
branch  4 taken 1 (fallthrough)
branch  5 taken 0 (throw)
        1:  122-block  2
call    6 returned 1
    $$$$$:  122-block  3
call    7 never executed
    $$$$$:  122-block  4
    $$$$$:  122-block  5
        1:  123:    venue.setSchedule(9, 0, 8, 13, 0, 60);
call    0 returned 1
branch  1 taken 1 (fallthrough)
branch  2 taken 0 (throw)
       1*:  124:    EXPECT_EQ(venue.getOpeningTime().getHours(), 9);
        1:  124-block  0
call    0 returned 1
branch  1 taken 1 (fallthrough)
branch  2 taken 0 (throw)
        1:  124-block  1
call    3 returned 1
branch  4 taken 1 (fallthrough)
branch  5 taken 0 (throw)
        1:  124-block  2
call    6 returned 1
branch  7 taken 1 (fallthrough)
branch  8 taken 0 (throw)
        1:  124-block  3
call    9 returned 1
branch 10 taken 0 (fallthrough)
branch 11 taken 1
    %%%%%:  124-block  4
call   12 never executed
branch 13 never executed (fallthrough)
branch 14 never executed (throw)
    %%%%%:  124-block  5
call   15 never executed
call   16 never executed
branch 17 never executed (fallthrough)
branch 18 never executed (throw)
    %%%%%:  124-block  6
call   19 never executed
branch 20 never executed (fallthrough)
branch 21 never executed (throw)
    %%%%%:  124-block  7
call   22 never executed
call   23 never executed
        1:  124-block  8
call   24 returned 1
    $$$$$:  124-block  9
    $$$$$:  124-block 10
    $$$$$:  124-block 11
    $$$$$:  124-block 12
call   25 never executed
    $$$$$:  124-block 13
    $$$$$:  124-block 14
call   26 never executed
    $$$$$:  124-block 15
    $$$$$:  124-block 16
call   27 never executed
       1*:  125:    EXPECT_EQ(venue.getClosingTime().getHours(), 17);
call    0 returned 1
branch  1 taken 1 (fallthrough)
branch  2 taken 0 (throw)
        1:  125-block  0
call    3 returned 1
branch  4 taken 1 (fallthrough)
branch  5 taken 0 (throw)
        1:  125-block  1
call    6 returned 1
branch  7 taken 1 (fallthrough)
branch  8 taken 0 (throw)
        1:  125-block  2
call    9 returned 1
branch 10 taken 0 (fallthrough)
branch 11 taken 1
    %%%%%:  125-block  3
call   12 never executed
branch 13 never executed (fallthrough)
branch 14 never executed (throw)
    %%%%%:  125-block  4
call   15 never executed
call   16 never executed
branch 17 never executed (fallthrough)
branch 18 never executed (throw)
    %%%%%:  125-block  5
call   19 never executed
branch 20 never executed (fallthrough)
branch 21 never executed (throw)
    %%%%%:  125-block  6
call   22 never executed
call   23 never executed
        1:  125-block  7
call   24 returned 1
    $$$$$:  125-block  8
    $$$$$:  125-block  9
    $$$$$:  125-block 10
    $$$$$:  125-block 11
call   25 never executed
    $$$$$:  125-block 12
    $$$$$:  125-block 13
call   26 never executed
    $$$$$:  125-block 14
    $$$$$:  125-block 15
call   27 never executed
       1*:  126:    EXPECT_EQ(venue.getLunchStart().getHours(), 13);
call    0 returned 1
branch  1 taken 1 (fallthrough)
branch  2 taken 0 (throw)
        1:  126-block  0
call    3 returned 1
branch  4 taken 1 (fallthrough)
branch  5 taken 0 (throw)
        1:  126-block  1
call    6 returned 1
branch  7 taken 1 (fallthrough)
branch  8 taken 0 (throw)
        1:  126-block  2
call    9 returned 1
branch 10 taken 0 (fallthrough)
branch 11 taken 1
    %%%%%:  126-block  3
call   12 never executed
branch 13 never executed (fallthrough)
branch 14 never executed (throw)
    %%%%%:  126-block  4
call   15 never executed
call   16 never executed
branch 17 never executed (fallthrough)
branch 18 never executed (throw)
    %%%%%:  126-block  5
call   19 never executed
branch 20 never executed (fallthrough)
branch 21 never executed (throw)
    %%%%%:  126-block  6
call   22 never executed
call   23 never executed
        1:  126-block  7
call   24 returned 1
    $$$$$:  126-block  8
    $$$$$:  126-block  9
    $$$$$:  126-block 10
    $$$$$:  126-block 11
call   25 never executed
    $$$$$:  126-block 12
    $$$$$:  126-block 13
call   26 never executed
    $$$$$:  126-block 14
    $$$$$:  126-block 15
call   27 never executed
       1*:  127:    EXPECT_EQ(venue.getLunchEnd().getHours(), 14);
call    0 returned 1
branch  1 taken 1 (fallthrough)
branch  2 taken 0 (throw)
        1:  127-block  0
call    3 returned 1
branch  4 taken 1 (fallthrough)
branch  5 taken 0 (throw)
        1:  127-block  1
call    6 returned 1
branch  7 taken 1 (fallthrough)
branch  8 taken 0 (throw)
        1:  127-block  2
call    9 returned 1
branch 10 taken 0 (fallthrough)
branch 11 taken 1
    %%%%%:  127-block  3
call   12 never executed
branch 13 never executed (fallthrough)
branch 14 never executed (throw)
    %%%%%:  127-block  4
call   15 never executed
call   16 never executed
branch 17 never executed (fallthrough)
branch 18 never executed (throw)
    %%%%%:  127-block  5
call   19 never executed
branch 20 never executed (fallthrough)
branch 21 never executed (throw)
    %%%%%:  127-block  6
call   22 never executed
call   23 never executed
        1:  127-block  7
call   24 returned 1
    $$$$$:  127-block  8
    $$$$$:  127-block  9
    $$$$$:  127-block 10
    $$$$$:  127-block 11
call   25 never executed
    $$$$$:  127-block 12
    $$$$$:  127-block 13
call   26 never executed
    $$$$$:  127-block 14
    $$$$$:  127-block 15
call   27 never executed
        1:  128:}
call    0 returned 1
    $$$$$:  128-block  0
call    1 never executed
------------------
        -:  129:
        4:  130:TEST_F(FacadeTest, StarHallConstructor) {
        1:  131:    PlanetariumProjector projector("Proj", 3000, 1.2, 1.047);
        1:  132:    AudioSystem audio;
        1:  133:    Seating seats(100);
        2:  134:    DomeShapedScreen screen("Screen", 10.0, 10.0);
        1:  135:    StarHall hall("Hall", 50, &projector, &audio, &seats, &screen);
       1*:  136:    EXPECT_EQ(hall.getName(), "Hall");
       1*:  137:    EXPECT_EQ(hall.getCapacity(), 50);
        1:  138:}
------------------
_ZN35FacadeTest_StarHallConstructor_TestC1Ev:
function _ZN35FacadeTest_StarHallConstructor_TestC1Ev called 1 returned 100% blocks executed 100%
        1:  130:TEST_F(FacadeTest, StarHallConstructor) {
        1:  130-block  0
call    0 returned 1
------------------
_ZN35FacadeTest_StarHallConstructor_TestD0Ev:
function _ZN35FacadeTest_StarHallConstructor_TestD0Ev called 1 returned 100% blocks executed 100%
        1:  130:TEST_F(FacadeTest, StarHallConstructor) {
        1:  130-block  0
call    0 returned 1
call    1 returned 1
------------------
_ZN35FacadeTest_StarHallConstructor_TestD1Ev:
function _ZN35FacadeTest_StarHallConstructor_TestD1Ev called 1 returned 100% blocks executed 100%
        1:  130:TEST_F(FacadeTest, StarHallConstructor) {
        1:  130-block  0
call    0 returned 1
------------------
_ZN35FacadeTest_StarHallConstructor_Test8TestBodyEv:
function _ZN35FacadeTest_StarHallConstructor_Test8TestBodyEv called 1 returned 100% blocks executed 37%
        1:  130:TEST_F(FacadeTest, StarHallConstructor) {
        1:  130-block  0
        1:  131:    PlanetariumProjector projector("Proj", 3000, 1.2, 1.047);
        1:  131-block  0
call    0 returned 1
branch  1 taken 1 (fallthrough)
branch  2 taken 0 (throw)
        1:  131-block  1
call    3 returned 1
branch  4 taken 1 (fallthrough)
branch  5 taken 0 (throw)
        1:  131-block  2
call    6 returned 1
    $$$$$:  131-block  3
call    7 never executed
    $$$$$:  131-block  4
    $$$$$:  131-block  5
        1:  132:    AudioSystem audio;
call    0 returned 1
branch  1 taken 1 (fallthrough)
branch  2 taken 0 (throw)
        1:  133:    Seating seats(100);
        1:  133-block  0
call    0 returned 1
branch  1 taken 1 (fallthrough)
branch  2 taken 0 (throw)
        2:  134:    DomeShapedScreen screen("Screen", 10.0, 10.0);
        1:  134-block  0
call    0 returned 1
branch  1 taken 1 (fallthrough)
branch  2 taken 0 (throw)
        1:  134-block  1
call    3 returned 1
branch  4 taken 1 (fallthrough)
branch  5 taken 0 (throw)
        1:  134-block  2
call    6 returned 1
    $$$$$:  134-block  3
call    7 never executed
    $$$$$:  134-block  4
    $$$$$:  134-block  5
        1:  135:    StarHall hall("Hall", 50, &projector, &audio, &seats, &screen);
        1:  135-block  0
call    0 returned 1
branch  1 taken 1 (fallthrough)
branch  2 taken 0 (throw)
        1:  135-block  1
call    3 returned 1
branch  4 taken 1 (fallthrough)
branch  5 taken 0 (throw)
        1:  135-block  2
call    6 returned 1
    $$$$$:  135-block  3
call    7 never executed
    $$$$$:  135-block  4
    $$$$$:  135-block  5
       1*:  136:    EXPECT_EQ(hall.getName(), "Hall");
call    0 returned 1
branch  1 taken 1 (fallthrough)
branch  2 taken 0 (throw)
        1:  136-block  0
call    3 returned 1
branch  4 taken 1 (fallthrough)
branch  5 taken 0 (throw)
        1:  136-block  1
call    6 returned 1
call    7 returned 1
branch  8 taken 0 (fallthrough)
branch  9 taken 1
    %%%%%:  136-block  2
call   10 never executed
branch 11 never executed (fallthrough)
branch 12 never executed (throw)
    %%%%%:  136-block  3
call   13 never executed
call   14 never executed
branch 15 never executed (fallthrough)
branch 16 never executed (throw)
    %%%%%:  136-block  4
call   17 never executed
branch 18 never executed (fallthrough)
branch 19 never executed (throw)
    %%%%%:  136-block  5
call   20 never executed
call   21 never executed
        1:  136-block  6
call   22 returned 1
    $$$$$:  136-block  7
call   23 never executed
    $$$$$:  136-block  8
    $$$$$:  136-block  9
call   24 never executed
    $$$$$:  136-block 10
    $$$$$:  136-block 11
call   25 never executed
    $$$$$:  136-block 12
    $$$$$:  136-block 13
call   26 never executed
       1*:  137:    EXPECT_EQ(hall.getCapacity(), 50);
call    0 returned 1
branch  1 taken 1 (fallthrough)
branch  2 taken 0 (throw)
        1:  137-block  0
call    3 returned 1
branch  4 taken 1 (fallthrough)
branch  5 taken 0 (throw)
        1:  137-block  1
call    6 returned 1
branch  7 taken 0 (fallthrough)
branch  8 taken 1
    %%%%%:  137-block  2
call    9 never executed
branch 10 never executed (fallthrough)
branch 11 never executed (throw)
    %%%%%:  137-block  3
call   12 never executed
call   13 never executed
branch 14 never executed (fallthrough)
branch 15 never executed (throw)
    %%%%%:  137-block  4
call   16 never executed
branch 17 never executed (fallthrough)
branch 18 never executed (throw)
    %%%%%:  137-block  5
call   19 never executed
call   20 never executed
        1:  137-block  6
call   21 returned 1
    $$$$$:  137-block  7
    $$$$$:  137-block  8
    $$$$$:  137-block  9
[...]
        1:  378-block  0
call    0 returned 1
branch  1 taken 1 (fallthrough)
branch  2 taken 0 (throw)
        1:  379:    DomeShapedScreen screen("Screen", 10.0, 10.0);
        1:  379-block  0
call    0 returned 1
branch  1 taken 1 (fallthrough)
branch  2 taken 0 (throw)
        1:  379-block  1
call    3 returned 1
branch  4 taken 1 (fallthrough)
branch  5 taken 0 (throw)
        1:  379-block  2
call    6 returned 1
    $$$$$:  379-block  3
call    7 never executed
    $$$$$:  379-block  4
    $$$$$:  379-block  5
        1:  380:    PlanetariumFacade facade(&projector, &audio, &seats, &screen);
call    0 returned 1
branch  1 taken 1 (fallthrough)
branch  2 taken 0 (throw)
        1:  381:    PlanetariumVenue venue("NewHall", 50);
        1:  381-block  0
call    0 returned 1
branch  1 taken 1 (fallthrough)
branch  2 taken 0 (throw)
        1:  381-block  1
call    3 returned 1
branch  4 taken 1 (fallthrough)
branch  5 taken 0 (throw)
        1:  381-block  2
call    6 returned 1
    $$$$$:  381-block  3
call    7 never executed
    $$$$$:  381-block  4
    $$$$$:  381-block  5
        1:  382:    facade.addVenue(&venue);
call    0 returned 1
branch  1 taken 1 (fallthrough)
branch  2 taken 0 (throw)
        1:  383:    PlanetariumVenue* found = facade.findVenueByName("NewHall");
        1:  383-block  0
call    0 returned 1
branch  1 taken 1 (fallthrough)
branch  2 taken 0 (throw)
        1:  383-block  1
call    3 returned 1
branch  4 taken 1 (fallthrough)
branch  5 taken 0 (throw)
        1:  383-block  2
call    6 returned 1
    $$$$$:  383-block  3
call    7 never executed
    $$$$$:  383-block  4
    $$$$$:  383-block  5
       1*:  384:    ASSERT_NE(found, nullptr);
call    0 returned 1
branch  1 taken 1 (fallthrough)
branch  2 taken 0 (throw)
        1:  384-block  0
call    3 returned 1
branch  4 taken 0 (fallthrough)
branch  5 taken 1
    %%%%%:  384-block  1
call    6 never executed
branch  7 never executed (fallthrough)
branch  8 never executed (throw)
    %%%%%:  384-block  2
call    9 never executed
call   10 never executed
branch 11 never executed (fallthrough)
branch 12 never executed (throw)
    %%%%%:  384-block  3
call   13 never executed
branch 14 never executed (fallthrough)
branch 15 never executed (throw)
    %%%%%:  384-block  4
call   16 never executed
call   17 never executed
        1:  384-block  5
        1:  384-block  6
call   18 returned 1
branch 19 taken 1 (fallthrough)
branch 20 taken 0
        1:  384-block  7
    $$$$$:  384-block  8
    $$$$$:  384-block  9
call   21 never executed
    $$$$$:  384-block 10
    $$$$$:  384-block 11
call   22 never executed
    $$$$$:  384-block 12
    $$$$$:  384-block 13
call   23 never executed
       1*:  385:    EXPECT_EQ(found->getName(), "NewHall");
        1:  385-block  0
call    0 returned 1
branch  1 taken 1 (fallthrough)
branch  2 taken 0 (throw)
        1:  385-block  1
call    3 returned 1
branch  4 taken 1 (fallthrough)
branch  5 taken 0 (throw)
        1:  385-block  2
call    6 returned 1
call    7 returned 1
branch  8 taken 0 (fallthrough)
branch  9 taken 1
    %%%%%:  385-block  3
call   10 never executed
branch 11 never executed (fallthrough)
branch 12 never executed (throw)
    %%%%%:  385-block  4
call   13 never executed
call   14 never executed
branch 15 never executed (fallthrough)
branch 16 never executed (throw)
    %%%%%:  385-block  5
call   17 never executed
branch 18 never executed (fallthrough)
branch 19 never executed (throw)
    %%%%%:  385-block  6
call   20 never executed
call   21 never executed
        1:  385-block  7
call   22 returned 1
    $$$$$:  385-block  8
call   23 never executed
    $$$$$:  385-block  9
    $$$$$:  385-block 10
call   24 never executed
    $$$$$:  385-block 11
    $$$$$:  385-block 12
call   25 never executed
    $$$$$:  385-block 13
    $$$$$:  385-block 14
call   26 never executed
        1:  386:}
        1:  386-block  0
call    0 returned 1
branch  1 taken 1 (fallthrough)
branch  2 taken 0
        1:  386-block  1
        1:  386-block  2
call    3 returned 1
branch  4 taken 1 (fallthrough)
branch  5 taken 0
        1:  386-block  3
        1:  386-block  4
call    6 returned 1
branch  7 taken 1 (fallthrough)
branch  8 taken 0
        1:  386-block  5
        1:  386-block  6
call    9 returned 1
branch 10 taken 1 (fallthrough)
branch 11 taken 0
        1:  386-block  7
        1:  386-block  8
call   12 returned 1
branch 13 taken 1 (fallthrough)
branch 14 taken 0
    $$$$$:  386-block  9
call   15 never executed
    $$$$$:  386-block 10
call   16 never executed
    $$$$$:  386-block 11
call   17 never executed
    $$$$$:  386-block 12
call   18 never executed
    $$$$$:  386-block 13
call   19 never executed
------------------
        -:  387:
        4:  388:TEST_F(FacadeTest, PlanetariumFacadeSellTicketSuccess) {
        1:  389:    PlanetariumProjector projector("Proj", 3000, 1.2, 1.047);
        1:  390:    AudioSystem audio;
        1:  391:    Seating seats(100);
        1:  392:    DomeShapedScreen screen("Screen", 10.0, 10.0);
        1:  393:    PlanetariumFacade facade(&projector, &audio, &seats, &screen);
        2:  394:    facade.openFacadeVenue("StarHall");
        1:  395:    Visitor visitor("Alice", 25, Enums::DiscountCategory::NONE);
        1:  396:    MyTime curTime(10,0,0);
        1:  397:    Ticket* ticket = facade.sellTicketToVisitor("StarHall", visitor, curTime);
       1*:  398:    ASSERT_NE(ticket, nullptr);
       1*:  399:    EXPECT_EQ(ticket->getVisitorName(), "Alice");
        1:  400:}
------------------
_ZN50FacadeTest_PlanetariumFacadeSellTicketSuccess_TestC1Ev:
function _ZN50FacadeTest_PlanetariumFacadeSellTicketSuccess_TestC1Ev called 1 returned 100% blocks executed 100%
        1:  388:TEST_F(FacadeTest, PlanetariumFacadeSellTicketSuccess) {
        1:  388-block  0
call    0 returned 1
------------------
_ZN50FacadeTest_PlanetariumFacadeSellTicketSuccess_TestD0Ev:
function _ZN50FacadeTest_PlanetariumFacadeSellTicketSuccess_TestD0Ev called 1 returned 100% blocks executed 100%
        1:  388:TEST_F(FacadeTest, PlanetariumFacadeSellTicketSuccess) {
        1:  388-block  0
call    0 returned 1
call    1 returned 1
------------------
_ZN50FacadeTest_PlanetariumFacadeSellTicketSuccess_TestD1Ev:
function _ZN50FacadeTest_PlanetariumFacadeSellTicketSuccess_TestD1Ev called 1 returned 100% blocks executed 100%
        1:  388:TEST_F(FacadeTest, PlanetariumFacadeSellTicketSuccess) {
        1:  388-block  0
call    0 returned 1
------------------
_ZN50FacadeTest_PlanetariumFacadeSellTicketSuccess_Test8TestBodyEv:
function _ZN50FacadeTest_PlanetariumFacadeSellTicketSuccess_Test8TestBodyEv called 1 returned 100% blocks executed 45%
        1:  388:TEST_F(FacadeTest, PlanetariumFacadeSellTicketSuccess) {
        1:  388-block  0
        1:  389:    PlanetariumProjector projector("Proj", 3000, 1.2, 1.047);
        1:  389-block  0
call    0 returned 1
branch  1 taken 1 (fallthrough)
branch  2 taken 0 (throw)
        1:  389-block  1
call    3 returned 1
branch  4 taken 1 (fallthrough)
branch  5 taken 0 (throw)
        1:  389-block  2
call    6 returned 1
    $$$$$:  389-block  3
call    7 never executed
    $$$$$:  389-block  4
    $$$$$:  389-block  5
        1:  390:    AudioSystem audio;
call    0 returned 1
branch  1 taken 1 (fallthrough)
branch  2 taken 0 (throw)
        1:  391:    Seating seats(100);
        1:  391-block  0
call    0 returned 1
branch  1 taken 1 (fallthrough)
branch  2 taken 0 (throw)
        1:  392:    DomeShapedScreen screen("Screen", 10.0, 10.0);
        1:  392-block  0
call    0 returned 1
branch  1 taken 1 (fallthrough)
branch  2 taken 0 (throw)
        1:  392-block  1
call    3 returned 1
branch  4 taken 1 (fallthrough)
branch  5 taken 0 (throw)
        1:  392-block  2
call    6 returned 1
    $$$$$:  392-block  3
call    7 never executed
    $$$$$:  392-block  4
    $$$$$:  392-block  5
        1:  393:    PlanetariumFacade facade(&projector, &audio, &seats, &screen);
call    0 returned 1
branch  1 taken 1 (fallthrough)
branch  2 taken 0 (throw)
        2:  394:    facade.openFacadeVenue("StarHall");
        1:  394-block  0
call    0 returned 1
branch  1 taken 1 (fallthrough)
branch  2 taken 0 (throw)
        1:  394-block  1
call    3 returned 1
branch  4 taken 1 (fallthrough)
branch  5 taken 0 (throw)
        1:  394-block  2
call    6 returned 1
    $$$$$:  394-block  3
call    7 never executed
    $$$$$:  394-block  4
    $$$$$:  394-block  5
        1:  395:    Visitor visitor("Alice", 25, Enums::DiscountCategory::NONE);
        1:  395-block  0
call    0 returned 1
branch  1 taken 1 (fallthrough)
branch  2 taken 0 (throw)
        1:  395-block  1
call    3 returned 1
branch  4 taken 1 (fallthrough)
branch  5 taken 0 (throw)
        1:  395-block  2
call    6 returned 1
    $$$$$:  395-block  3
call    7 never executed
    $$$$$:  395-block  4
    $$$$$:  395-block  5
        1:  396:    MyTime curTime(10,0,0);
call    0 returned 1
branch  1 taken 1 (fallthrough)
branch  2 taken 0 (throw)
        1:  397:    Ticket* ticket = facade.sellTicketToVisitor("StarHall", visitor, curTime);
        1:  397-block  0
call    0 returned 1
branch  1 taken 1 (fallthrough)
branch  2 taken 0 (throw)
        1:  397-block  1
call    3 returned 1
branch  4 taken 1 (fallthrough)
branch  5 taken 0 (throw)
        1:  397-block  2
call    6 returned 1
    $$$$$:  397-block  3
call    7 never executed
    $$$$$:  397-block  4
    $$$$$:  397-block  5
       1*:  398:    ASSERT_NE(ticket, nullptr);
call    0 returned 1
branch  1 taken 1 (fallthrough)
branch  2 taken 0 (throw)
        1:  398-block  0
call    3 returned 1
branch  4 taken 0 (fallthrough)
branch  5 taken 1
    %%%%%:  398-block  1
call    6 never executed
branch  7 never executed (fallthrough)
branch  8 never executed (throw)
    %%%%%:  398-block  2
call    9 never executed
call   10 never executed
branch 11 never executed (fallthrough)
branch 12 never executed (throw)
    %%%%%:  398-block  3
call   13 never executed
branch 14 never executed (fallthrough)
branch 15 never executed (throw)
    %%%%%:  398-block  4
call   16 never executed
call   17 never executed
        1:  398-block  5
        1:  398-block  6
call   18 returned 1
branch 19 taken 1 (fallthrough)
branch 20 taken 0
        1:  398-block  7
    $$$$$:  398-block  8
    $$$$$:  398-block  9
call   21 never executed
    $$$$$:  398-block 10
    $$$$$:  398-block 11
call   22 never executed
    $$$$$:  398-block 12
    $$$$$:  398-block 13
call   23 never executed
       1*:  399:    EXPECT_EQ(ticket->getVisitorName(), "Alice");
        1:  399-block  0
call    0 returned 1
branch  1 taken 1 (fallthrough)
branch  2 taken 0 (throw)
        1:  399-block  1
call    3 returned 1
branch  4 taken 1 (fallthrough)
branch  5 taken 0 (throw)
        1:  399-block  2
call    6 returned 1
call    7 returned 1
branch  8 taken 0 (fallthrough)
branch  9 taken 1
    %%%%%:  399-block  3
call   10 never executed
branch 11 never executed (fallthrough)
branch 12 never executed (throw)
    %%%%%:  399-block  4
call   13 never executed
call   14 never executed
branch 15 never executed (fallthrough)
branch 16 never executed (throw)
    %%%%%:  399-block  5
call   17 never executed
branch 18 never executed (fallthrough)
branch 19 never executed (throw)
    %%%%%:  399-block  6
call   20 never executed
call   21 never executed
        1:  399-block  7
call   22 returned 1
    $$$$$:  399-block  8
call   23 never executed
    $$$$$:  399-block  9
    $$$$$:  399-block 10
call   24 never executed
    $$$$$:  399-block 11
    $$$$$:  399-block 12
call   25 never executed
    $$$$$:  399-block 13
    $$$$$:  399-block 14
call   26 never executed
        1:  400:}
        1:  400-block  0
call    0 returned 1
branch  1 taken 1 (fallthrough)
branch  2 taken 0
        1:  400-block  1
        1:  400-block  2
call    3 returned 1
branch  4 taken 1 (fallthrough)
branch  5 taken 0
        1:  400-block  3
        1:  400-block  4
call    6 returned 1
branch  7 taken 1 (fallthrough)
branch  8 taken 0
        1:  400-block  5
        1:  400-block  6
call    9 returned 1
branch 10 taken 1 (fallthrough)
branch 11 taken 0
        1:  400-block  7
        1:  400-block  8
call   12 returned 1
branch 13 taken 1 (fallthrough)
branch 14 taken 0
    $$$$$:  400-block  9
call   15 never executed
    $$$$$:  400-block 10
call   16 never executed
    $$$$$:  400-block 11
call   17 never executed
    $$$$$:  400-block 12
call   18 never executed
    $$$$$:  400-block 13
call   19 never executed
------------------
        -:  401:
        4:  402:TEST_F(FacadeTest, PlanetariumFacadeSellTicketInvalidName) {
        1:  403:    PlanetariumProjector projector("Proj", 3000, 1.2, 1.047);
        1:  404:    AudioSystem audio;
        1:  405:    Seating seats(100);
        1:  406:    DomeShapedScreen screen("Screen", 10.0, 10.0);
        1:  407:    PlanetariumFacade facade(&projector, &audio, &seats, &screen);
        1:  408:    Visitor visitor("Alice", 25, Enums::DiscountCategory::NONE);
        1:  409:    MyTime curTime(10,0,0);
       3*:  410:    EXPECT_THROW(facade.sellTicketToVisitor("", visitor,curTime), std::invalid_argument);
        1:  411:}
------------------
_ZN54FacadeTest_PlanetariumFacadeSellTicketInvalidName_TestC1Ev:
function _ZN54FacadeTest_PlanetariumFacadeSellTicketInvalidName_TestC1Ev called 1 returned 100% blocks executed 100%
        1:  402:TEST_F(FacadeTest, PlanetariumFacadeSellTicketInvalidName) {
        1:  402-block  0
call    0 returned 1
------------------
_ZN54FacadeTest_PlanetariumFacadeSellTicketInvalidName_TestD0Ev:
function _ZN54FacadeTest_PlanetariumFacadeSellTicketInvalidName_TestD0Ev called 1 returned 100% blocks executed 100%
        1:  402:TEST_F(FacadeTest, PlanetariumFacadeSellTicketInvalidName) {
        1:  402-block  0
call    0 returned 1
call    1 returned 1
------------------
_ZN54FacadeTest_PlanetariumFacadeSellTicketInvalidName_TestD1Ev:
function _ZN54FacadeTest_PlanetariumFacadeSellTicketInvalidName_TestD1Ev called 1 returned 100% blocks executed 100%
        1:  402:TEST_F(FacadeTest, PlanetariumFacadeSellTicketInvalidName) {
        1:  402-block  0
call    0 returned 1
------------------
_ZN54FacadeTest_PlanetariumFacadeSellTicketInvalidName_Test8TestBodyEv:
function _ZN54FacadeTest_PlanetariumFacadeSellTicketInvalidName_Test8TestBodyEv called 1 returned 100% blocks executed 41%
        1:  402:TEST_F(FacadeTest, PlanetariumFacadeSellTicketInvalidName) {
        1:  402-block  0
        1:  403:    PlanetariumProjector projector("Proj", 3000, 1.2, 1.047);
        1:  403-block  0
call    0 returned 1
branch  1 taken 1 (fallthrough)
branch  2 taken 0 (throw)
        1:  403-block  1
call    3 returned 1
branch  4 taken 1 (fallthrough)
branch  5 taken 0 (throw)
        1:  403-block  2
call    6 returned 1
    $$$$$:  403-block  3
call    7 never executed
    $$$$$:  403-block  4
    $$$$$:  403-block  5
        1:  404:    AudioSystem audio;
call    0 returned 1
branch  1 taken 1 (fallthrough)
branch  2 taken 0 (throw)
        1:  405:    Seating seats(100);
        1:  405-block  0
call    0 returned 1
branch  1 taken 1 (fallthrough)
branch  2 taken 0 (throw)
        1:  406:    DomeShapedScreen screen("Screen", 10.0, 10.0);
        1:  406-block  0
call    0 returned 1
branch  1 taken 1 (fallthrough)
branch  2 taken 0 (throw)
        1:  406-block  1
call    3 returned 1
branch  4 taken 1 (fallthrough)
branch  5 taken 0 (throw)
        1:  406-block  2
call    6 returned 1
    $$$$$:  406-block  3
call    7 never executed
    $$$$$:  406-block  4
    $$$$$:  406-block  5
        1:  407:    PlanetariumFacade facade(&projector, &audio, &seats, &screen);
call    0 returned 1
branch  1 taken 1 (fallthrough)
branch  2 taken 0 (throw)
        1:  408:    Visitor visitor("Alice", 25, Enums::DiscountCategory::NONE);
        1:  408-block  0
call    0 returned 1
branch  1 taken 1 (fallthrough)
branch  2 taken 0 (throw)
        1:  408-block  1
call    3 returned 1
branch  4 taken 1 (fallthrough)
branch  5 taken 0 (throw)
        1:  408-block  2
call    6 returned 1
    $$$$$:  408-block  3
call    7 never executed
    $$$$$:  408-block  4
    $$$$$:  408-block  5
        1:  409:    MyTime curTime(10,0,0);
call    0 returned 1
branch  1 taken 1 (fallthrough)
branch  2 taken 0 (throw)
       3*:  410:    EXPECT_THROW(facade.sellTicketToVisitor("", visitor,curTime), std::invalid_argument);
        1:  410-block  0
call    0 returned 1
call    1 returned 1
branch  2 taken 1 (fallthrough)
branch  3 taken 0
        1:  410-block  1
call    4 returned 1
branch  5 taken 1 (fallthrough)
branch  6 taken 0 (throw)
        1:  410-block  2
branch  7 taken 1 (fallthrough)
branch  8 taken 0
        1:  410-block  3
call    9 returned 1
branch 10 taken 1 (fallthrough)
branch 11 taken 0 (throw)
        1:  410-block  4
call   12 returned 1
branch 13 taken 0 (fallthrough)
branch 14 taken 1 (throw)
    %%%%%:  410-block  5
call   15 never executed
        1:  410-block  6
branch 16 taken 0 (fallthrough)
branch 17 taken 1
    %%%%%:  410-block  7
call   18 never executed
branch 19 never executed (fallthrough)
branch 20 never executed (throw)
    %%%%%:  410-block  8
    %%%%%:  410-block  9
call   21 never executed
branch 22 never executed (fallthrough)
branch 23 never executed (throw)
    %%%%%:  410-block 10
call   24 never executed
call   25 never executed
branch 26 never executed (fallthrough)
branch 27 never executed (throw)
    %%%%%:  410-block 11
call   28 never executed
branch 29 never executed (fallthrough)
branch 30 never executed (throw)
    %%%%%:  410-block 12
call   31 never executed
call   32 never executed
        1:  410-block 13
call   33 returned 1
        1:  410-block 14
call   34 returned 1
        1:  410-block 15
        1:  410-block 16
        1:  410-block 17
branch 35 taken 1
branch 36 taken 0
branch 37 taken 0
        1:  410-block 18
call   38 returned 1
call   39 returned 1
    $$$$$:  410-block 19
call   40 never executed
call   41 never executed
branch 42 never executed (fallthrough)
branch 43 never executed (throw)
    $$$$$:  410-block 20
call   44 never executed
branch 45 never executed (fallthrough)
branch 46 never executed (throw)
    $$$$$:  410-block 21
call   47 never executed
branch 48 never executed (fallthrough)
branch 49 never executed (throw)
    $$$$$:  410-block 22
call   50 never executed
call   51 never executed
branch 52 never executed (fallthrough)
branch 53 never executed (throw)
    $$$$$:  410-block 23
call   54 never executed
call   55 never executed
branch 56 never executed (fallthrough)
branch 57 never executed (throw)
    $$$$$:  410-block 24
call   58 never executed
branch 59 never executed (fallthrough)
branch 60 never executed (throw)
    $$$$$:  410-block 25
    $$$$$:  410-block 26
call   61 never executed
    $$$$$:  410-block 27
call   62 never executed
call   63 never executed
branch 64 never executed (fallthrough)
branch 65 never executed (throw)
    $$$$$:  410-block 28
    $$$$$:  410-block 29
call   66 never executed
branch 67 never executed (fallthrough)
branch 68 never executed (throw)
    $$$$$:  410-block 30
call   69 never executed
    $$$$$:  410-block 31
    $$$$$:  410-block 32
call   70 never executed
    $$$$$:  410-block 33
call   71 never executed
    $$$$$:  410-block 34
call   72 never executed
    $$$$$:  410-block 35
    $$$$$:  410-block 36
call   73 never executed
    $$$$$:  410-block 37
    $$$$$:  410-block 38
call   74 never executed
        1:  411:}
call    0 returned 1
call    1 returned 1
call    2 returned 1
call    3 returned 1
call    4 returned 1
    $$$$$:  411-block  0
call    5 never executed
    $$$$$:  411-block  1
call    6 never executed
    $$$$$:  411-block  2
call    7 never executed
    $$$$$:  411-block  3
call    8 never executed
    $$$$$:  411-block  4
call    9 never executed
------------------
