        -:    0:Source:C:/Users/aleks/CLionProjects/PlanetariumProjectCopy/Utils/MyTime.cpp
        -:    0:Graph:C:\Users\aleks\CLionProjects\PlanetariumProjectCopy\cmake-build-debug\Utils\CMakeFiles\Utils.dir\MyTime.cpp.gcno
        -:    0:Data:C:\Users\aleks\CLionProjects\PlanetariumProjectCopy\cmake-build-debug\Utils\CMakeFiles\Utils.dir\MyTime.cpp.gcda
        -:    0:Runs:1
        -:    1:#include "MyTime.h"
        -:    2:#include "../Validation/TimeValidator.h"
        -:    3:#include <ctime>
        -:    4:
function _ZN6MyTimeC2Ev called 107 returned 100% blocks executed 100%
      107:    5:MyTime::MyTime() {
      107:    6:    time_t currentTime = time(nullptr);
      107:    6-block  0
call    0 returned 107
branch  1 taken 107 (fallthrough)
branch  2 taken 0 (throw)
      107:    7:    struct tm* now = localtime(&currentTime);
      107:    7-block  0
call    0 returned 107
branch  1 taken 107 (fallthrough)
branch  2 taken 0 (throw)
      107:    8:    hours = now->tm_hour;
      107:    9:    minutes = now->tm_min;
      107:   10:    seconds = now->tm_sec;
      107:   11:}
      107:   11-block  0
        -:   12:
function _ZN6MyTimeC2Eiii called 430 returned 99% blocks executed 88%
      430:   13:MyTime::MyTime(int hours_, int minutes_, int seconds_) :
      430:   14:        hours(hours_), minutes(minutes_), seconds(seconds_) {
      430:   15:    if (!TimeValidator::isValidTime(hours_, minutes_, seconds_))
      430:   15-block  0
call    0 returned 430
branch  1 taken 3 (fallthrough)
branch  2 taken 427
        3:   16:        throw std::invalid_argument("Invalid time!");
        3:   16-block  0
call    0 returned 3
call    1 returned 3
branch  2 taken 3 (fallthrough)
branch  3 taken 0 (throw)
        3:   16-block  1
call    4 returned 0
    $$$$$:   16-block  2
call    5 never executed
      427:   17:}
      427:   17-block  0
        -:   18:
function _ZNK6MyTime7getTimeB5cxx11Ev called 2 returned 100% blocks executed 50%
        2:   19:std::string MyTime::getTime() const {
        2:   20:    return (toString(hours) + ":" + toString(minutes) + ":" + toString(seconds));
        2:   20-block  0
call    0 returned 2
branch  1 taken 2 (fallthrough)
branch  2 taken 0 (throw)
        2:   20-block  1
call    3 returned 2
branch  4 taken 2 (fallthrough)
branch  5 taken 0 (throw)
        2:   20-block  2
call    6 returned 2
branch  7 taken 2 (fallthrough)
branch  8 taken 0 (throw)
        2:   20-block  3
call    9 returned 2
branch 10 taken 2 (fallthrough)
branch 11 taken 0 (throw)
        2:   20-block  4
call   12 returned 2
branch 13 taken 2 (fallthrough)
branch 14 taken 0 (throw)
        2:   20-block  5
call   15 returned 2
branch 16 taken 2 (fallthrough)
branch 17 taken 0 (throw)
        2:   20-block  6
call   18 returned 2
branch 19 taken 2 (fallthrough)
branch 20 taken 0 (throw)
        2:   20-block  7
        2:   20-block  8
call   21 returned 2
call   22 returned 2
call   23 returned 2
call   24 returned 2
call   25 returned 2
call   26 returned 2
        2:   20-block  9
    $$$$$:   20-block 10
call   27 never executed
    $$$$$:   20-block 11
call   28 never executed
    $$$$$:   20-block 12
call   29 never executed
    $$$$$:   20-block 13
call   30 never executed
    $$$$$:   20-block 14
    $$$$$:   20-block 15
    $$$$$:   20-block 16
call   31 never executed
    $$$$$:   20-block 17
    $$$$$:   20-block 18
    $$$$$:   20-block 19
    $$$$$:   20-block 20
call   32 never executed
        -:   21:}
        -:   22:
function _ZN6MyTime8toStringB5cxx11Ei called 6 returned 100% blocks executed 83%
        6:   23:std::string MyTime::toString(int int_) {
        6:   24:    return (int_ < 10 ? "0" : "") + std::to_string(int_);
        6:   24-block  0
call    0 returned 6
branch  1 taken 3 (fallthrough)
branch  2 taken 3
        3:   24-block  1
        3:   24-block  2
        6:   24-block  3
call    3 returned 6
branch  4 taken 6 (fallthrough)
branch  5 taken 0 (throw)
        6:   24-block  4
        6:   24-block  5
call    6 returned 6
        6:   24-block  6
    $$$$$:   24-block  7
call    7 never executed
        -:   25:}
        -:   26:
function _ZNK6MyTimeeqERKS_ called 2 returned 100% blocks executed 100%
        2:   27:bool MyTime::operator==(const MyTime& other) const {
        2:   28:    return hours == other.hours && minutes == other.minutes && seconds == other.seconds;
        2:   28-block  0
branch  0 taken 1 (fallthrough)
branch  1 taken 1
        1:   28-block  1
branch  2 taken 1 (fallthrough)
branch  3 taken 0
        1:   28-block  2
branch  4 taken 1 (fallthrough)
branch  5 taken 0
        1:   28-block  3
        1:   28-block  4
        2:   28-block  5
        -:   29:}
        -:   30:
function _ZNK6MyTimeltERKS_ called 39 returned 100% blocks executed 83%
       39:   31:bool MyTime::operator<(const MyTime& other) const {
       39:   32:    if (hours != other.hours) return hours < other.hours;
       39:   32-block  0
branch  0 taken 35 (fallthrough)
branch  1 taken 4
       35:   32-block  1
       4*:   33:    if (minutes != other.minutes) return minutes < other.minutes;
        4:   33-block  0
branch  0 taken 0 (fallthrough)
branch  1 taken 4
    %%%%%:   33-block  1
        4:   34:    return seconds < other.seconds;
        4:   34-block  0
        -:   35:}
        -:   36:
function _ZNK6MyTimegtERKS_ called 16 returned 100% blocks executed 100%
       16:   37:bool MyTime::operator>(const MyTime& other) const {
       16:   38:    return other < *this;
       16:   38-block  0
call    0 returned 16
        -:   39:}
        -:   40:
function _ZNK6MyTimeleERKS_ called 11 returned 100% blocks executed 100%
       11:   41:bool MyTime::operator<=(const MyTime& other) const {
       11:   42:    return !(*this > other);
       11:   42-block  0
call    0 returned 11
        -:   43:}
        -:   44:
function _ZNK6MyTimegeERKS_ called 14 returned 100% blocks executed 100%
       14:   45:bool MyTime::operator>=(const MyTime& other) const {
       14:   46:    return !(*this < other);
       14:   46-block  0
call    0 returned 14
        -:   47:}
        -:   48:
function _ZN6MyTime14getCurrentTimeEv called 3 returned 100% blocks executed 100%
        3:   49:MyTime MyTime::getCurrentTime() {
        3:   50:    return {};
        3:   50-block  0
call    0 returned 3
        -:   51:}
        -:   52:
function _ZNK6MyTime10getSecondsEv called 4 returned 100% blocks executed 100%
        4:   53:int MyTime::getSeconds() const { return seconds; }
        4:   53-block  0
function _ZNK6MyTime10getMinutesEv called 16 returned 100% blocks executed 100%
       16:   54:int MyTime::getMinutes() const { return minutes; }
       16:   54-block  0
function _ZNK6MyTime8getHoursEv called 22 returned 100% blocks executed 100%
       22:   55:int MyTime::getHours() const { return hours; }
       22:   55-block  0
