        -:    0:Source:C:/Users/aleks/CLionProjects/PlanetariumProjectCopy/Exceptions/NonWorkingHoursException.cpp
        -:    0:Graph:C:\Users\aleks\CLionProjects\PlanetariumProjectCopy\cmake-build-debug\Exceptions\CMakeFiles\Exceptions.dir\NonWorkingHoursException.cpp.gcno
        -:    0:Data:C:\Users\aleks\CLionProjects\PlanetariumProjectCopy\cmake-build-debug\Exceptions\CMakeFiles\Exceptions.dir\NonWorkingHoursException.cpp.gcda
        -:    0:Runs:1
        -:    1:#include "NonWorkingHoursException.h"
        -:    2:
function _ZN24NonWorkingHoursExceptionC2ENSt7__cxx1112basic_stringIcSt11char_traitsIcESaIcEEE called 0 returned 0% blocks executed 0%
    #####:    3:NonWorkingHoursException::NonWorkingHoursException(std::string message_) : message(std::move(message_)) {}
    %%%%%:    3-block  0
call    0 never executed
call    1 never executed
call    2 never executed
        -:    4:
function _ZNK24NonWorkingHoursException4whatEv called 0 returned 0% blocks executed 0%
    #####:    5:const char* NonWorkingHoursException::what() const noexcept {
    #####:    6:    return message.c_str();
    %%%%%:    6-block  0
call    0 never executed
        -:    7:}
