        -:    0:Source:C:/Users/aleks/CLionProjects/PlanetariumProjectCopy/Facade/PlanetariumFacade.cpp
        -:    0:Graph:C:\Users\aleks\CLionProjects\PlanetariumProjectCopy\cmake-build-debug\Facade\CMakeFiles\Facade.dir\PlanetariumFacade.cpp.gcno
        -:    0:Data:C:\Users\aleks\CLionProjects\PlanetariumProjectCopy\cmake-build-debug\Facade\CMakeFiles\Facade.dir\PlanetariumFacade.cpp.gcda
        -:    0:Runs:1
        -:    1:#include "PlanetariumFacade.h"
        -:    2:#include "../Validation/StringValidator.h"
        -:    3:
function _ZN17PlanetariumFacadeC2EP20PlanetariumProjectorP11AudioSystemP7SeatingP16DomeShapedScreen called 4 returned 100% blocks executed 50%
        4:    4:PlanetariumFacade::PlanetariumFacade(PlanetariumProjector* projector, AudioSystem* system, Seating* seats,
        4:    5:                                     DomeShapedScreen* screen) {
        4:    5-block  0
call    0 returned 4
call    1 returned 4
        4:    6:    StarHall hall("StarHall", 100, projector, system, seats, screen);
        4:    6-block  0
call    0 returned 4
branch  1 taken 4 (fallthrough)
branch  2 taken 0 (throw)
        4:    6-block  1
call    3 returned 4
branch  4 taken 4 (fallthrough)
branch  5 taken 0 (throw)
        4:    6-block  2
call    6 returned 4
    $$$$$:    6-block  3
call    7 never executed
    $$$$$:    6-block  4
    $$$$$:    6-block  5
        4:    7:    venues.push_back(hall);
call    0 returned 4
branch  1 taken 4 (fallthrough)
branch  2 taken 0 (throw)
        4:    8:}
        4:    8-block  0
call    0 returned 4
    $$$$$:    8-block  1
call    1 never executed
    $$$$$:    8-block  2
call    2 never executed
    $$$$$:    8-block  3
call    3 never executed
        -:    9:
function _ZN17PlanetariumFacade19sellTicketToVisitorERKNSt7__cxx1112basic_stringIcSt11char_traitsIcESaIcEEER7Visitor6MyTime called 2 returned 50% blocks executed 86%
        2:   10:Ticket* PlanetariumFacade::sellTicketToVisitor(const std::string& venueName, Visitor& visitor, const MyTime curTime) {
        2:   11:    if (!StringValidator::validate(venueName)) throw std::invalid_argument("Invalid name!");
        2:   11-block  0
call    0 returned 2
branch  1 taken 1 (fallthrough)
branch  2 taken 1
        1:   11-block  1
call    3 returned 1
call    4 returned 1
branch  5 taken 1 (fallthrough)
branch  6 taken 0 (throw)
        1:   11-block  2
call    7 returned 0
    $$$$$:   11-block  3
call    8 never executed
        1:   12:    PlanetariumVenue* venue = findVenueByName(venueName);
        1:   12-block  0
call    0 returned 1
       1*:   13:    if (!venue) return nullptr;
branch  0 taken 0 (fallthrough)
branch  1 taken 1
    %%%%%:   13-block  0
        1:   14:    venue->addVisitors(1);
        1:   14-block  0
call    0 returned 1
        1:   15:    return ticketOffice.sellTicket(venue, visitor, curTime);
call    0 returned 1
        -:   16:}
        -:   17:
function _ZN17PlanetariumFacade8addVenueEP16PlanetariumVenue called 1 returned 100% blocks executed 100%
        1:   18:void PlanetariumFacade::addVenue(PlanetariumVenue* venue) {
        1:   19:    venues.push_back(*venue);
        1:   19-block  0
call    0 returned 1
        1:   20:    ticketOffice.addVenue(venue);
call    0 returned 1
        1:   21:}
        -:   22:
function _ZN17PlanetariumFacade15openFacadeVenueERKNSt7__cxx1112basic_stringIcSt11char_traitsIcESaIcEEE called 1 returned 100% blocks executed 80%
        1:   23:void PlanetariumFacade::openFacadeVenue(const std::string &venueName){
        1:   24:    PlanetariumVenue* venue = findVenueByName(venueName);
        1:   24-block  0
call    0 returned 1
       1*:   25:    if (!venue) return;
branch  0 taken 0 (fallthrough)
branch  1 taken 1
    %%%%%:   25-block  0
        1:   26:    venue->openVenue();
        1:   26-block  0
call    0 returned 1
        -:   27:}
        -:   28:
function _ZN17PlanetariumFacade15findVenueByNameERKNSt7__cxx1112basic_stringIcSt11char_traitsIcESaIcEEE called 4 returned 100% blocks executed 68%
        4:   29:PlanetariumVenue* PlanetariumFacade::findVenueByName(const std::string& venueName) {
       4*:   30:    if (!StringValidator::validate(venueName)) throw std::invalid_argument("Invalid name!");
        4:   30-block  0
call    0 returned 4
branch  1 taken 0 (fallthrough)
branch  2 taken 4
    %%%%%:   30-block  1
call    3 never executed
call    4 never executed
branch  5 never executed (fallthrough)
branch  6 never executed (throw)
    %%%%%:   30-block  2
call    7 never executed
    $$$$$:   30-block  3
call    8 never executed
        5:   31:    for (PlanetariumVenue &venue : venues) {
        4:   31-block  0
call    0 returned 4
call    1 returned 4
        5:   31-block  1
call    2 returned 5
        1:   31-block  2
call    3 returned 1
        5:   31-block  3
call    4 returned 5
branch  5 taken 5
branch  6 taken 0 (fallthrough)
        5:   32:        if (venueName == venue.getName()) {
call    0 returned 5
branch  1 taken 5 (fallthrough)
branch  2 taken 0 (throw)
        5:   32-block  0
call    3 returned 5
call    4 returned 5
branch  5 taken 4 (fallthrough)
branch  6 taken 1
    $$$$$:   32-block  1
        4:   33:            return &venue;
        4:   33-block  0
        -:   34:        }
        -:   35:    }
    #####:   36:    return nullptr;
    %%%%%:   36-block  0
        -:   37:}
