        -:    0:Source:C:/Users/aleks/CLionProjects/PlanetariumProjectCopy/Inventory/Screen.cpp
        -:    0:Graph:C:\Users\aleks\CLionProjects\PlanetariumProjectCopy\cmake-build-debug\Inventory\CMakeFiles\Inventory.dir\Screen.cpp.gcno
        -:    0:Data:C:\Users\aleks\CLionProjects\PlanetariumProjectCopy\cmake-build-debug\Inventory\CMakeFiles\Inventory.dir\Screen.cpp.gcda
        -:    0:Runs:1
        -:    1:#include "Screen.h"
        -:    2:
function _ZN6ScreenC2ERKNSt7__cxx1112basic_stringIcSt11char_traitsIcESaIcEEEdd called 52 returned 100% blocks executed 71%
       52:    3:Screen::Screen(const std::string& name, double width_, double length_) :
       52:    4:        Device(name), width(width_), length(length_) {}
       52:    4-block  0
call    0 returned 52
branch  1 taken 52 (fallthrough)
branch  2 taken 0 (throw)
       52:    4-block  1
call    3 returned 52
branch  4 taken 52 (fallthrough)
branch  5 taken 0 (throw)
       52:    4-block  2
call    6 returned 52
    $$$$$:    4-block  3
call    7 never executed
        -:    5:
function _ZNK6Screen8getWidthEv called 1 returned 100% blocks executed 100%
        1:    6:double Screen::getWidth() const {
        1:    7:    return width;
        1:    7-block  0
        -:    8:}
        -:    9:
function _ZNK6Screen9getLengthEv called 14 returned 100% blocks executed 100%
       14:   10:double Screen::getLength() const {
       14:   11:    return length;
       14:   11-block  0
        -:   12:}
        -:   13:
function _ZN6Screen20calculateAspectRatioEv called 1 returned 100% blocks executed 100%
        1:   14:void Screen::calculateAspectRatio() {
        1:   15:    aspectRatio = width / length;
        1:   16:}
        -:   17:
function _ZNK6Screen13calculateAreaEv called 1 returned 100% blocks executed 100%
        1:   18:double Screen::calculateArea() const {
        1:   19:    return width * length;
        1:   19-block  0
        -:   20:}
