        -:    0:Source:C:/Users/aleks/CLionProjects/PlanetariumProjectCopy/Inventory/Seating.cpp
        -:    0:Graph:C:\Users\aleks\CLionProjects\PlanetariumProjectCopy\cmake-build-debug\Inventory\CMakeFiles\Inventory.dir\Seating.cpp.gcno
        -:    0:Data:C:\Users\aleks\CLionProjects\PlanetariumProjectCopy\cmake-build-debug\Inventory\CMakeFiles\Inventory.dir\Seating.cpp.gcda
        -:    0:Runs:1
        -:    1:#include <stdexcept>
        -:    2:#include "Seating.h"
        -:    3:
function _ZN7SeatingC2Ei called 37 returned 100% blocks executed 100%
       37:    4:Seating::Seating(int seatsNumber_) : seatsNumber(seatsNumber_) {}
        -:    5:
function _ZNK7Seating14getSeatsNumberEv called 1 returned 100% blocks executed 100%
        1:    6:int Seating::getSeatsNumber() const {
        1:    7:    return seatsNumber;
        1:    7-block  0
        -:    8:}
        -:    9:
function _ZN7Seating13setRowsNumberEi called 3 returned 67% blocks executed 86%
        3:   10:void Seating::setRowsNumber(int rows_) {
        3:   11:    if(rows_<0) throw std::invalid_argument("Invalid row number!");
        3:   11-block  0
branch  0 taken 1 (fallthrough)
branch  1 taken 2
        1:   11-block  1
call    2 returned 1
call    3 returned 1
branch  4 taken 1 (fallthrough)
branch  5 taken 0 (throw)
        1:   11-block  2
call    6 returned 0
    $$$$$:   11-block  3
call    7 never executed
        2:   12:    rows = rows_;
        2:   13:}
        2:   13-block  0
        -:   14:
function _ZN7Seating20calculateSeatsPerRowEv called 2 returned 100% blocks executed 100%
        2:   15:int Seating::calculateSeatsPerRow() {
        2:   16:    return seatsNumber / rows;
        2:   16-block  0
        -:   17:}
