        -:    0:Source:C:/Users/aleks/CLionProjects/PlanetariumProjectCopy/Sky/SkyPosition.cpp
        -:    0:Graph:C:\Users\aleks\CLionProjects\PlanetariumProjectCopy\cmake-build-debug\Sky\CMakeFiles\Sky.dir\SkyPosition.cpp.gcno
        -:    0:Data:C:\Users\aleks\CLionProjects\PlanetariumProjectCopy\cmake-build-debug\Sky\CMakeFiles\Sky.dir\SkyPosition.cpp.gcda
        -:    0:Runs:1
        -:    1:#include "SkyPosition.h"
        -:    2:#include "../Exceptions/DegreeRangeError.h"
        -:    3:
function _ZN11SkyPositionC2Edd called 58 returned 100% blocks executed 100%
       58:    4:SkyPosition::SkyPosition(double azimuth_, double altitude_) :
       58:    5:        azimuth(azimuth_), altitude(altitude_) {}
        -:    6:
function _ZNK11SkyPosition10getAzimuthEv called 6 returned 100% blocks executed 100%
        6:    7:double SkyPosition::getAzimuth() const {
        6:    8:    return azimuth;
        6:    8-block  0
        -:    9:}
        -:   10:
function _ZNK11SkyPosition11getAltitudeEv called 4 returned 100% blocks executed 100%
        4:   11:double SkyPosition::getAltitude() const {
        4:   12:    return altitude;
        4:   12-block  0
        -:   13:}
        -:   14:
function _ZN11SkyPosition10setAzimuthEd called 5 returned 60% blocks executed 63%
        5:   15:void SkyPosition::setAzimuth(double azimuth_) {
        9:   16:    if(azimuth_<0 || azimuth_>360) throw DegreeRangeError("Invalid azimuth!");
        5:   16-block  0
branch  0 taken 5 (fallthrough)
branch  1 taken 0
        5:   16-block  1
branch  2 taken 2 (fallthrough)
branch  3 taken 3
        2:   16-block  2
call    4 returned 2
        2:   16-block  3
call    5 returned 2
branch  6 taken 2 (fallthrough)
branch  7 taken 0 (throw)
        2:   16-block  4
call    8 returned 2
branch  9 taken 2 (fallthrough)
branch 10 taken 0 (throw)
        2:   16-block  5
call   11 returned 2
call   12 returned 0
    $$$$$:   16-block  6
call   13 never executed
    $$$$$:   16-block  7
    $$$$$:   16-block  8
    $$$$$:   16-block  9
call   14 never executed
        3:   17:    azimuth = azimuth_;
        3:   18:}
        3:   18-block  0
        -:   19:
function _ZN11SkyPosition11setAltitudeEd called 5 returned 60% blocks executed 63%
        5:   20:void SkyPosition::setAltitude(double altitude_) {
        9:   21:    if(altitude_<-90 || altitude_>90) throw DegreeRangeError("Invalid azimuth!");
        5:   21-block  0
branch  0 taken 5 (fallthrough)
branch  1 taken 0
        5:   21-block  1
branch  2 taken 2 (fallthrough)
branch  3 taken 3
        2:   21-block  2
call    4 returned 2
        2:   21-block  3
call    5 returned 2
branch  6 taken 2 (fallthrough)
branch  7 taken 0 (throw)
        2:   21-block  4
call    8 returned 2
branch  9 taken 2 (fallthrough)
branch 10 taken 0 (throw)
        2:   21-block  5
call   11 returned 2
call   12 returned 0
    $$$$$:   21-block  6
call   13 never executed
    $$$$$:   21-block  7
    $$$$$:   21-block  8
    $$$$$:   21-block  9
call   14 never executed
        3:   22:    altitude = altitude_;
        3:   23:}
        3:   23-block  0
        -:   24:
function _ZNK11SkyPosition14isAboveHorizonEv called 2 returned 100% blocks executed 100%
        2:   25:bool SkyPosition::isAboveHorizon() const {
        2:   26:    return altitude >= 0;
        2:   26-block  0
        -:   27:}
        -:   28:
function _ZNK11SkyPosition8toStringB5cxx11Ev called 1 returned 100% blocks executed 52%
        1:   29:std::string SkyPosition::toString() const {
        1:   30:    return "Az: " + std::to_string(azimuth) + "°, Alt: " + std::to_string(altitude) + "°";
        1:   30-block  0
call    0 returned 1
branch  1 taken 1 (fallthrough)
branch  2 taken 0 (throw)
        1:   30-block  1
call    3 returned 1
branch  4 taken 1 (fallthrough)
branch  5 taken 0 (throw)
        1:   30-block  2
call    6 returned 1
branch  7 taken 1 (fallthrough)
branch  8 taken 0 (throw)
        1:   30-block  3
call    9 returned 1
branch 10 taken 1 (fallthrough)
branch 11 taken 0 (throw)
        1:   30-block  4
call   12 returned 1
branch 13 taken 1 (fallthrough)
branch 14 taken 0 (throw)
        1:   30-block  5
call   15 returned 1
branch 16 taken 1 (fallthrough)
branch 17 taken 0 (throw)
        1:   30-block  6
        1:   30-block  7
call   18 returned 1
call   19 returned 1
call   20 returned 1
call   21 returned 1
call   22 returned 1
        1:   30-block  8
    $$$$$:   30-block  9
call   23 never executed
    $$$$$:   30-block 10
call   24 never executed
    $$$$$:   30-block 11
call   25 never executed
    $$$$$:   30-block 12
call   26 never executed
    $$$$$:   30-block 13
    $$$$$:   30-block 14
    $$$$$:   30-block 15
    $$$$$:   30-block 16
call   27 never executed
    $$$$$:   30-block 17
        -:   31:}
