        -:    0:Source:C:/Users/aleks/CLionProjects/PlanetariumProjectCopy/Service/Ticket.cpp
        -:    0:Graph:C:\Users\aleks\CLionProjects\PlanetariumProjectCopy\cmake-build-debug\Service\CMakeFiles\Service.dir\Ticket.cpp.gcno
        -:    0:Data:C:\Users\aleks\CLionProjects\PlanetariumProjectCopy\cmake-build-debug\Service\CMakeFiles\Service.dir\Ticket.cpp.gcda
        -:    0:Runs:1
        -:    1:#include "Ticket.h"
        -:    2:#include <stdexcept>
        -:    3:
function _ZN6TicketC2EP16PlanetariumVenueNSt7__cxx1112basic_stringIcSt11char_traitsIcESaIcEEEd called 17 returned 94% blocks executed 83%
       17:    4:Ticket::Ticket(PlanetariumVenue* venue_, std::string visitor, double finalPrice_) :
       17:    5:        venue(venue_), visitorName(std::move(visitor)), finalPrice(finalPrice_), purchaseTime() {
       17:    5-block  0
call    0 returned 17
call    1 returned 17
call    2 returned 17
branch  3 taken 17 (fallthrough)
branch  4 taken 0 (throw)
       17:    6:    if(!venue_){
       17:    6-block  0
branch  0 taken 1 (fallthrough)
branch  1 taken 16
        1:    7:        throw std::invalid_argument("Ticket must have a venue!");
        1:    7-block  0
call    0 returned 1
call    1 returned 1
branch  2 taken 1 (fallthrough)
branch  3 taken 0 (throw)
        1:    7-block  1
call    4 returned 1
    $$$$$:    7-block  2
call    5 never executed
        -:    8:    }
       17:    9:}
       16:    9-block  0
        1:    9-block  1
call    0 returned 1
        -:   10:
function _ZN6Ticket7getInfoB5cxx11Ev called 1 returned 100% blocks executed 58%
        1:   11:std::string Ticket::getInfo() {
        2:   12:    return "Ticket to " + venue->getName() + " for " + visitorName;
        1:   12-block  0
call    0 returned 1
branch  1 taken 1 (fallthrough)
branch  2 taken 0 (throw)
        1:   12-block  1
call    3 returned 1
branch  4 taken 1 (fallthrough)
branch  5 taken 0 (throw)
        1:   12-block  2
call    6 returned 1
branch  7 taken 1 (fallthrough)
branch  8 taken 0 (throw)
        1:   12-block  3
call    9 returned 1
branch 10 taken 1 (fallthrough)
branch 11 taken 0 (throw)
        1:   12-block  4
call   12 returned 1
call   13 returned 1
call   14 returned 1
        1:   12-block  5
    $$$$$:   12-block  6
call   15 never executed
    $$$$$:   12-block  7
call   16 never executed
    $$$$$:   12-block  8
call   17 never executed
    $$$$$:   12-block  9
    $$$$$:   12-block 10
        -:   13:}
        -:   14:
function _ZN6Ticket15getPurchaseTimeEv called 1 returned 100% blocks executed 100%
        1:   15:MyTime Ticket::getPurchaseTime() {
        1:   16:    return purchaseTime;
        1:   16-block  0
        -:   17:}
        -:   18:
function _ZNK6Ticket12getVenueNameB5cxx11Ev called 22 returned 100% blocks executed 100%
       22:   19:std::string Ticket::getVenueName() const {
       22:   20:    return venue->getName();
       22:   20-block  0
call    0 returned 22
        -:   21:}
        -:   22:
function _ZNK6Ticket13getFinalPriceEv called 0 returned 0% blocks executed 0%
    #####:   23:double Ticket::getFinalPrice() const {
    #####:   24:    return finalPrice;
    %%%%%:   24-block  0
        -:   25:}
        -:   26:
function _ZNK6Ticket14getVisitorNameB5cxx11Ev called 1 returned 100% blocks executed 100%
        1:   27:std::string Ticket::getVisitorName() const {
        1:   28:    return visitorName;
        1:   28-block  0
call    0 returned 1
        -:   29:}
        -:   30:
